mode: set
github.com/enetx/tg/areas/areas.go:20.19,24.2 1 0
github.com/enetx/tg/areas/areas.go:27.53,35.2 1 0
github.com/enetx/tg/areas/areas.go:38.59,41.2 2 0
github.com/enetx/tg/areas/areas.go:44.68,47.2 2 0
github.com/enetx/tg/areas/areas.go:50.65,54.2 3 0
github.com/enetx/tg/areas/areas.go:57.42,66.2 3 0
github.com/enetx/tg/areas/areas.go:69.56,82.2 3 0
github.com/enetx/tg/areas/areas.go:85.50,96.2 3 0
github.com/enetx/tg/areas/areas.go:99.41,108.2 3 0
github.com/enetx/tg/areas/areas.go:111.44,120.2 3 0
github.com/enetx/tg/areas/areas.go:123.52,126.2 2 0
github.com/enetx/tg/areas/areas.go:129.56,130.16 1 0
github.com/enetx/tg/areas/areas.go:130.16,132.3 1 0
github.com/enetx/tg/areas/areas.go:134.2,134.10 1 0
github.com/enetx/tg/areas/areas.go:138.32,141.2 2 0
github.com/enetx/tg/areas/areas.go:144.31,146.2 1 0
github.com/enetx/tg/areas/areas.go:149.43,151.2 1 0
github.com/enetx/tg/bot/bot.go:31.44,33.2 1 0
github.com/enetx/tg/bot/bot.go:36.38,38.2 1 0
github.com/enetx/tg/bot/bot.go:41.34,43.2 1 0
github.com/enetx/tg/bot/bot.go:46.42,61.2 1 0
github.com/enetx/tg/bot/bot.go:64.76,69.2 3 0
github.com/enetx/tg/bot/bot.go:72.34,77.2 1 0
github.com/enetx/tg/bot/bot.go:80.37,85.2 1 0
github.com/enetx/tg/bot/bot.go:88.48,90.54 2 0
github.com/enetx/tg/bot/bot.go:90.54,92.3 1 0
github.com/enetx/tg/bot/bot.go:94.2,94.58 1 0
github.com/enetx/tg/bot/bot.go:98.53,105.2 4 0
github.com/enetx/tg/bot/bot.go:108.55,113.2 3 0
github.com/enetx/tg/bot/bot.go:116.52,121.2 1 0
github.com/enetx/tg/bot/bot.go:124.62,129.2 1 0
github.com/enetx/tg/bot/bot.go:132.52,137.2 1 0
github.com/enetx/tg/bot/bot.go:140.62,145.2 1 0
github.com/enetx/tg/bot/bot.go:148.38,153.2 1 0
github.com/enetx/tg/bot/bot.go:156.38,161.2 1 0
github.com/enetx/tg/bot/bot.go:164.46,169.2 1 0
github.com/enetx/tg/bot/bot.go:172.46,177.2 1 0
github.com/enetx/tg/bot/bot.go:180.52,185.2 1 0
github.com/enetx/tg/bot/bot.go:188.32,193.2 1 0
github.com/enetx/tg/bot/bot.go:196.30,201.2 1 0
github.com/enetx/tg/bot/bot.go:204.82,209.2 1 0
github.com/enetx/tg/bot/bot.go:212.82,217.2 1 0
github.com/enetx/tg/bot/bot.go:220.48,225.2 1 0
github.com/enetx/tg/bot/bot.go:228.46,233.2 1 0
github.com/enetx/tg/bot/bot.go:236.30,241.2 1 0
github.com/enetx/tg/bot/builder.go:21.55,22.63 1 0
github.com/enetx/tg/bot/builder.go:22.63,24.3 1 0
github.com/enetx/tg/bot/builder.go:26.2,26.10 1 0
github.com/enetx/tg/bot/builder.go:30.54,33.2 2 0
github.com/enetx/tg/bot/builder.go:36.60,39.2 2 0
github.com/enetx/tg/bot/builder.go:42.66,45.2 2 0
github.com/enetx/tg/bot/builder.go:48.55,51.2 2 0
github.com/enetx/tg/bot/builder.go:54.73,55.63 1 0
github.com/enetx/tg/bot/builder.go:55.63,57.3 1 0
github.com/enetx/tg/bot/builder.go:59.2,59.10 1 0
github.com/enetx/tg/bot/builder.go:63.62,64.63 1 0
github.com/enetx/tg/bot/builder.go:64.63,66.3 1 0
github.com/enetx/tg/bot/builder.go:68.2,68.10 1 0
github.com/enetx/tg/bot/builder.go:72.45,87.31 5 0
github.com/enetx/tg/bot/builder.go:87.31,89.32 2 0
github.com/enetx/tg/bot/builder.go:89.32,91.4 1 0
github.com/enetx/tg/bot/builder.go:93.3,94.21 2 0
github.com/enetx/tg/bot/builder.go:94.21,96.4 1 0
github.com/enetx/tg/bot/builder.go:98.3,98.26 1 0
github.com/enetx/tg/bot/builder.go:99.8,101.24 2 0
github.com/enetx/tg/bot/builder.go:101.24,103.4 1 0
github.com/enetx/tg/bot/builder.go:105.3,106.17 2 0
github.com/enetx/tg/bot/builder.go:106.17,108.4 1 0
github.com/enetx/tg/bot/builder.go:110.3,115.4 1 0
github.com/enetx/tg/bot/builder.go:118.2,118.18 1 0
github.com/enetx/tg/bot/close.go:17.56,18.31 1 0
github.com/enetx/tg/bot/close.go:18.31,20.3 1 0
github.com/enetx/tg/bot/close.go:22.2,24.10 2 0
github.com/enetx/tg/bot/close.go:28.45,29.31 1 0
github.com/enetx/tg/bot/close.go:29.31,31.3 1 0
github.com/enetx/tg/bot/close.go:33.2,35.10 2 0
github.com/enetx/tg/bot/close.go:39.39,41.2 1 0
github.com/enetx/tg/bot/delete_my_commands.go:17.85,20.2 2 0
github.com/enetx/tg/bot/delete_my_commands.go:23.63,26.2 2 0
github.com/enetx/tg/bot/delete_my_commands.go:29.71,32.2 2 0
github.com/enetx/tg/bot/delete_my_commands.go:35.69,38.2 2 0
github.com/enetx/tg/bot/delete_my_commands.go:41.77,44.2 2 0
github.com/enetx/tg/bot/delete_my_commands.go:47.72,50.2 2 0
github.com/enetx/tg/bot/delete_my_commands.go:53.86,56.2 2 0
github.com/enetx/tg/bot/delete_my_commands.go:59.86,66.2 2 0
github.com/enetx/tg/bot/delete_my_commands.go:69.76,72.2 2 0
github.com/enetx/tg/bot/delete_my_commands.go:75.80,76.33 1 0
github.com/enetx/tg/bot/delete_my_commands.go:76.33,78.3 1 0
github.com/enetx/tg/bot/delete_my_commands.go:80.2,82.12 2 0
github.com/enetx/tg/bot/delete_my_commands.go:86.69,87.33 1 0
github.com/enetx/tg/bot/delete_my_commands.go:87.33,89.3 1 0
github.com/enetx/tg/bot/delete_my_commands.go:91.2,93.12 2 0
github.com/enetx/tg/bot/delete_my_commands.go:97.52,99.2 1 0
github.com/enetx/tg/bot/delete_webhook.go:17.62,20.2 2 0
github.com/enetx/tg/bot/delete_webhook.go:23.73,24.32 1 0
github.com/enetx/tg/bot/delete_webhook.go:24.32,26.3 1 0
github.com/enetx/tg/bot/delete_webhook.go:28.2,30.11 2 0
github.com/enetx/tg/bot/delete_webhook.go:34.62,35.32 1 0
github.com/enetx/tg/bot/delete_webhook.go:35.32,37.3 1 0
github.com/enetx/tg/bot/delete_webhook.go:39.2,41.11 2 0
github.com/enetx/tg/bot/delete_webhook.go:45.48,47.2 1 0
github.com/enetx/tg/bot/get_me.go:17.57,18.32 1 0
github.com/enetx/tg/bot/get_me.go:18.32,20.3 1 0
github.com/enetx/tg/bot/get_me.go:22.2,24.11 2 0
github.com/enetx/tg/bot/get_me.go:28.46,29.32 1 0
github.com/enetx/tg/bot/get_me.go:29.32,31.3 1 0
github.com/enetx/tg/bot/get_me.go:33.2,35.11 2 0
github.com/enetx/tg/bot/get_me.go:39.49,41.2 1 0
github.com/enetx/tg/bot/get_my_commands.go:17.79,20.2 2 0
github.com/enetx/tg/bot/get_my_commands.go:23.57,26.2 2 0
github.com/enetx/tg/bot/get_my_commands.go:29.65,32.2 2 0
github.com/enetx/tg/bot/get_my_commands.go:35.63,38.2 2 0
github.com/enetx/tg/bot/get_my_commands.go:41.71,44.2 2 0
github.com/enetx/tg/bot/get_my_commands.go:47.66,50.2 2 0
github.com/enetx/tg/bot/get_my_commands.go:53.80,56.2 2 0
github.com/enetx/tg/bot/get_my_commands.go:59.80,66.2 2 0
github.com/enetx/tg/bot/get_my_commands.go:69.70,72.2 2 0
github.com/enetx/tg/bot/get_my_commands.go:75.74,76.33 1 0
github.com/enetx/tg/bot/get_my_commands.go:76.33,78.3 1 0
github.com/enetx/tg/bot/get_my_commands.go:80.2,82.12 2 0
github.com/enetx/tg/bot/get_my_commands.go:86.63,87.33 1 0
github.com/enetx/tg/bot/get_my_commands.go:87.33,89.3 1 0
github.com/enetx/tg/bot/get_my_commands.go:91.2,93.12 2 0
github.com/enetx/tg/bot/get_my_commands.go:97.72,99.2 1 0
github.com/enetx/tg/bot/get_my_default_administrator_rights.go:17.94,20.2 2 0
github.com/enetx/tg/bot/get_my_default_administrator_rights.go:23.112,24.35 1 0
github.com/enetx/tg/bot/get_my_default_administrator_rights.go:24.35,26.3 1 0
github.com/enetx/tg/bot/get_my_default_administrator_rights.go:28.2,30.14 2 0
github.com/enetx/tg/bot/get_my_default_administrator_rights.go:34.101,35.35 1 0
github.com/enetx/tg/bot/get_my_default_administrator_rights.go:35.35,37.3 1 0
github.com/enetx/tg/bot/get_my_default_administrator_rights.go:39.2,41.14 2 0
github.com/enetx/tg/bot/get_my_default_administrator_rights.go:45.97,47.2 1 0
github.com/enetx/tg/bot/get_my_description.go:17.72,20.2 2 0
github.com/enetx/tg/bot/get_my_description.go:23.80,24.33 1 0
github.com/enetx/tg/bot/get_my_description.go:24.33,26.3 1 0
github.com/enetx/tg/bot/get_my_description.go:28.2,30.12 2 0
github.com/enetx/tg/bot/get_my_description.go:34.69,35.33 1 0
github.com/enetx/tg/bot/get_my_description.go:35.33,37.3 1 0
github.com/enetx/tg/bot/get_my_description.go:39.2,41.12 2 0
github.com/enetx/tg/bot/get_my_description.go:45.71,47.2 1 0
github.com/enetx/tg/bot/get_my_name.go:17.58,20.2 2 0
github.com/enetx/tg/bot/get_my_name.go:23.66,24.33 1 0
github.com/enetx/tg/bot/get_my_name.go:24.33,26.3 1 0
github.com/enetx/tg/bot/get_my_name.go:28.2,30.12 2 0
github.com/enetx/tg/bot/get_my_name.go:34.55,35.33 1 0
github.com/enetx/tg/bot/get_my_name.go:35.33,37.3 1 0
github.com/enetx/tg/bot/get_my_name.go:39.2,41.12 2 0
github.com/enetx/tg/bot/get_my_name.go:45.57,47.2 1 0
github.com/enetx/tg/bot/get_my_short_description.go:17.83,20.2 2 0
github.com/enetx/tg/bot/get_my_short_description.go:23.91,24.34 1 0
github.com/enetx/tg/bot/get_my_short_description.go:24.34,26.3 1 0
github.com/enetx/tg/bot/get_my_short_description.go:28.2,30.13 2 0
github.com/enetx/tg/bot/get_my_short_description.go:34.80,35.34 1 0
github.com/enetx/tg/bot/get_my_short_description.go:35.34,37.3 1 0
github.com/enetx/tg/bot/get_my_short_description.go:39.2,41.13 2 0
github.com/enetx/tg/bot/get_my_short_description.go:45.82,47.2 1 0
github.com/enetx/tg/bot/get_webhook_info.go:17.76,18.33 1 0
github.com/enetx/tg/bot/get_webhook_info.go:18.33,20.3 1 0
github.com/enetx/tg/bot/get_webhook_info.go:22.2,24.12 2 0
github.com/enetx/tg/bot/get_webhook_info.go:28.65,29.33 1 0
github.com/enetx/tg/bot/get_webhook_info.go:29.33,31.3 1 0
github.com/enetx/tg/bot/get_webhook_info.go:33.2,35.12 2 0
github.com/enetx/tg/bot/get_webhook_info.go:39.66,41.2 1 0
github.com/enetx/tg/bot/log_out.go:17.59,18.32 1 0
github.com/enetx/tg/bot/log_out.go:18.32,20.3 1 0
github.com/enetx/tg/bot/log_out.go:22.2,24.11 2 0
github.com/enetx/tg/bot/log_out.go:28.48,29.32 1 0
github.com/enetx/tg/bot/log_out.go:29.32,31.3 1 0
github.com/enetx/tg/bot/log_out.go:33.2,35.11 2 0
github.com/enetx/tg/bot/log_out.go:39.41,41.2 1 0
github.com/enetx/tg/bot/polling.go:15.49,18.2 2 0
github.com/enetx/tg/bot/polling.go:20.52,23.2 2 0
github.com/enetx/tg/bot/polling.go:25.51,28.2 2 0
github.com/enetx/tg/bot/polling.go:30.43,33.2 2 0
github.com/enetx/tg/bot/polling.go:35.49,38.2 2 0
github.com/enetx/tg/bot/polling.go:40.71,46.2 2 0
github.com/enetx/tg/bot/polling.go:48.27,49.72 1 0
github.com/enetx/tg/bot/polling.go:49.72,50.51 1 0
github.com/enetx/tg/bot/polling.go:53.2,54.22 2 0
github.com/enetx/tg/bot/polling.go:57.43,59.2 1 0
github.com/enetx/tg/bot/set_my_commands.go:18.84,25.2 2 0
github.com/enetx/tg/bot/set_my_commands.go:28.89,31.2 2 0
github.com/enetx/tg/bot/set_my_commands.go:34.79,37.2 2 0
github.com/enetx/tg/bot/set_my_commands.go:40.57,43.2 2 0
github.com/enetx/tg/bot/set_my_commands.go:46.65,49.2 2 0
github.com/enetx/tg/bot/set_my_commands.go:52.63,55.2 2 0
github.com/enetx/tg/bot/set_my_commands.go:58.71,61.2 2 0
github.com/enetx/tg/bot/set_my_commands.go:64.66,67.2 2 0
github.com/enetx/tg/bot/set_my_commands.go:70.80,73.2 2 0
github.com/enetx/tg/bot/set_my_commands.go:76.80,83.2 2 0
github.com/enetx/tg/bot/set_my_commands.go:86.70,89.2 2 0
github.com/enetx/tg/bot/set_my_commands.go:92.74,93.33 1 0
github.com/enetx/tg/bot/set_my_commands.go:93.33,95.3 1 0
github.com/enetx/tg/bot/set_my_commands.go:97.2,99.12 2 0
github.com/enetx/tg/bot/set_my_commands.go:103.63,104.33 1 0
github.com/enetx/tg/bot/set_my_commands.go:104.33,106.3 1 0
github.com/enetx/tg/bot/set_my_commands.go:108.2,110.12 2 0
github.com/enetx/tg/bot/set_my_commands.go:114.49,115.28 1 0
github.com/enetx/tg/bot/set_my_commands.go:115.28,117.3 1 0
github.com/enetx/tg/bot/set_my_commands.go:119.2,119.29 1 0
github.com/enetx/tg/bot/set_my_commands.go:119.29,121.3 1 0
github.com/enetx/tg/bot/set_my_commands.go:123.2,123.70 1 0
github.com/enetx/tg/bot/set_my_default_administrator_rights.go:18.106,21.2 2 0
github.com/enetx/tg/bot/set_my_default_administrator_rights.go:24.94,27.2 2 0
github.com/enetx/tg/bot/set_my_default_administrator_rights.go:30.112,31.35 1 0
github.com/enetx/tg/bot/set_my_default_administrator_rights.go:31.35,33.3 1 0
github.com/enetx/tg/bot/set_my_default_administrator_rights.go:35.2,37.14 2 0
github.com/enetx/tg/bot/set_my_default_administrator_rights.go:41.101,42.35 1 0
github.com/enetx/tg/bot/set_my_default_administrator_rights.go:42.35,44.3 1 0
github.com/enetx/tg/bot/set_my_default_administrator_rights.go:46.2,48.14 2 0
github.com/enetx/tg/bot/set_my_default_administrator_rights.go:52.69,54.2 1 0
github.com/enetx/tg/bot/set_my_description.go:17.75,20.2 2 0
github.com/enetx/tg/bot/set_my_description.go:23.72,26.2 2 0
github.com/enetx/tg/bot/set_my_description.go:29.57,32.2 2 0
github.com/enetx/tg/bot/set_my_description.go:35.80,36.33 1 0
github.com/enetx/tg/bot/set_my_description.go:36.33,38.3 1 0
github.com/enetx/tg/bot/set_my_description.go:40.2,42.12 2 0
github.com/enetx/tg/bot/set_my_description.go:46.69,47.33 1 0
github.com/enetx/tg/bot/set_my_description.go:47.33,49.3 1 0
github.com/enetx/tg/bot/set_my_description.go:51.2,53.12 2 0
github.com/enetx/tg/bot/set_my_description.go:57.52,59.2 1 0
github.com/enetx/tg/bot/set_my_name.go:17.54,20.2 2 0
github.com/enetx/tg/bot/set_my_name.go:23.58,26.2 2 0
github.com/enetx/tg/bot/set_my_name.go:29.43,32.2 2 0
github.com/enetx/tg/bot/set_my_name.go:35.66,36.33 1 0
github.com/enetx/tg/bot/set_my_name.go:36.33,38.3 1 0
github.com/enetx/tg/bot/set_my_name.go:40.2,42.12 2 0
github.com/enetx/tg/bot/set_my_name.go:46.55,47.33 1 0
github.com/enetx/tg/bot/set_my_name.go:47.33,49.3 1 0
github.com/enetx/tg/bot/set_my_name.go:51.2,53.12 2 0
github.com/enetx/tg/bot/set_my_name.go:57.45,59.2 1 0
github.com/enetx/tg/bot/set_my_short_description.go:17.86,20.2 2 0
github.com/enetx/tg/bot/set_my_short_description.go:23.83,26.2 2 0
github.com/enetx/tg/bot/set_my_short_description.go:29.68,32.2 2 0
github.com/enetx/tg/bot/set_my_short_description.go:35.91,36.34 1 0
github.com/enetx/tg/bot/set_my_short_description.go:36.34,38.3 1 0
github.com/enetx/tg/bot/set_my_short_description.go:40.2,42.13 2 0
github.com/enetx/tg/bot/set_my_short_description.go:46.80,47.34 1 0
github.com/enetx/tg/bot/set_my_short_description.go:47.34,49.3 1 0
github.com/enetx/tg/bot/set_my_short_description.go:51.2,53.13 2 0
github.com/enetx/tg/bot/set_my_short_description.go:57.58,59.2 1 0
github.com/enetx/tg/bot/set_webhook.go:19.61,21.16 2 0
github.com/enetx/tg/bot/set_webhook.go:21.16,22.59 1 0
github.com/enetx/tg/bot/set_webhook.go:25.2,28.10 3 0
github.com/enetx/tg/bot/set_webhook.go:31.53,34.2 2 0
github.com/enetx/tg/bot/set_webhook.go:36.51,39.2 2 0
github.com/enetx/tg/bot/set_webhook.go:41.58,44.2 2 0
github.com/enetx/tg/bot/set_webhook.go:46.54,49.2 2 0
github.com/enetx/tg/bot/set_webhook.go:51.56,54.2 2 0
github.com/enetx/tg/bot/set_webhook.go:56.50,59.2 2 0
github.com/enetx/tg/bot/set_webhook.go:61.77,64.2 2 0
github.com/enetx/tg/bot/set_webhook.go:66.48,67.19 1 0
github.com/enetx/tg/bot/set_webhook.go:67.19,69.3 1 0
github.com/enetx/tg/bot/set_webhook.go:71.2,71.40 1 0
github.com/enetx/tg/bot/set_webhook.go:71.40,73.3 1 0
github.com/enetx/tg/bot/set_webhook.go:75.2,77.62 2 0
github.com/enetx/tg/bot/set_webhook.go:80.53,82.2 1 0
github.com/enetx/tg/ctx/business/account.go:15.58,20.2 1 0
github.com/enetx/tg/ctx/business/account.go:23.56,29.2 1 0
github.com/enetx/tg/ctx/business/account.go:32.63,37.2 1 0
github.com/enetx/tg/ctx/business/account.go:40.48,45.2 1 0
github.com/enetx/tg/ctx/business/account.go:48.54,54.2 1 0
github.com/enetx/tg/ctx/business/account.go:57.74,63.2 1 0
github.com/enetx/tg/ctx/business/account.go:66.46,71.2 1 0
github.com/enetx/tg/ctx/business/account.go:74.50,79.2 1 0
github.com/enetx/tg/ctx/business/account.go:82.38,87.2 1 0
github.com/enetx/tg/ctx/business/account.go:90.38,95.2 1 0
github.com/enetx/tg/ctx/business/balance.go:15.52,21.2 1 0
github.com/enetx/tg/ctx/business/balance.go:24.62,31.2 1 0
github.com/enetx/tg/ctx/business/balance.go:34.40,40.2 1 0
github.com/enetx/tg/ctx/business/delete_message.go:19.58,20.31 1 0
github.com/enetx/tg/ctx/business/delete_message.go:20.31,22.3 1 0
github.com/enetx/tg/ctx/business/delete_message.go:24.2,26.10 2 0
github.com/enetx/tg/ctx/business/delete_message.go:30.47,31.31 1 0
github.com/enetx/tg/ctx/business/delete_message.go:31.31,33.3 1 0
github.com/enetx/tg/ctx/business/delete_message.go:35.2,37.10 2 0
github.com/enetx/tg/ctx/business/delete_message.go:41.40,47.2 1 0
github.com/enetx/tg/ctx/business/get_balance.go:18.75,19.32 1 0
github.com/enetx/tg/ctx/business/get_balance.go:19.32,21.3 1 0
github.com/enetx/tg/ctx/business/get_balance.go:23.2,25.11 2 0
github.com/enetx/tg/ctx/business/get_balance.go:29.64,30.32 1 0
github.com/enetx/tg/ctx/business/get_balance.go:30.32,32.3 1 0
github.com/enetx/tg/ctx/business/get_balance.go:34.2,36.11 2 0
github.com/enetx/tg/ctx/business/get_balance.go:40.64,42.2 1 0
github.com/enetx/tg/ctx/business/get_connection.go:17.73,18.32 1 0
github.com/enetx/tg/ctx/business/get_connection.go:18.32,20.3 1 0
github.com/enetx/tg/ctx/business/get_connection.go:22.2,24.11 2 0
github.com/enetx/tg/ctx/business/get_connection.go:28.62,29.32 1 0
github.com/enetx/tg/ctx/business/get_connection.go:29.32,31.3 1 0
github.com/enetx/tg/ctx/business/get_connection.go:33.2,35.11 2 0
github.com/enetx/tg/ctx/business/get_connection.go:39.71,44.2 1 0
github.com/enetx/tg/ctx/business/get_gifts.go:18.49,21.2 2 0
github.com/enetx/tg/ctx/business/get_gifts.go:24.47,27.2 2 0
github.com/enetx/tg/ctx/business/get_gifts.go:30.51,33.2 2 0
github.com/enetx/tg/ctx/business/get_gifts.go:36.49,39.2 2 0
github.com/enetx/tg/ctx/business/get_gifts.go:42.48,45.2 2 0
github.com/enetx/tg/ctx/business/get_gifts.go:48.46,51.2 2 0
github.com/enetx/tg/ctx/business/get_gifts.go:54.56,57.2 2 0
github.com/enetx/tg/ctx/business/get_gifts.go:60.51,63.2 2 0
github.com/enetx/tg/ctx/business/get_gifts.go:66.64,67.33 1 0
github.com/enetx/tg/ctx/business/get_gifts.go:67.33,69.3 1 0
github.com/enetx/tg/ctx/business/get_gifts.go:71.2,73.12 2 0
github.com/enetx/tg/ctx/business/get_gifts.go:77.53,78.33 1 0
github.com/enetx/tg/ctx/business/get_gifts.go:78.33,80.3 1 0
github.com/enetx/tg/ctx/business/get_gifts.go:82.2,84.12 2 0
github.com/enetx/tg/ctx/business/get_gifts.go:88.59,93.2 1 0
github.com/enetx/tg/ctx/business/message.go:16.55,24.2 1 0
github.com/enetx/tg/ctx/business/message.go:27.61,34.2 1 0
github.com/enetx/tg/ctx/business/read_message.go:20.54,21.31 1 0
github.com/enetx/tg/ctx/business/read_message.go:21.31,23.3 1 0
github.com/enetx/tg/ctx/business/read_message.go:25.2,27.10 2 0
github.com/enetx/tg/ctx/business/read_message.go:31.43,32.31 1 0
github.com/enetx/tg/ctx/business/read_message.go:32.31,34.3 1 0
github.com/enetx/tg/ctx/business/read_message.go:36.2,38.10 2 0
github.com/enetx/tg/ctx/business/read_message.go:42.38,49.2 1 0
github.com/enetx/tg/ctx/business/remove_photo.go:17.46,20.2 2 0
github.com/enetx/tg/ctx/business/remove_photo.go:23.69,24.32 1 0
github.com/enetx/tg/ctx/business/remove_photo.go:24.32,26.3 1 0
github.com/enetx/tg/ctx/business/remove_photo.go:28.2,30.11 2 0
github.com/enetx/tg/ctx/business/remove_photo.go:34.58,35.32 1 0
github.com/enetx/tg/ctx/business/remove_photo.go:35.32,37.3 1 0
github.com/enetx/tg/ctx/business/remove_photo.go:39.2,41.11 2 0
github.com/enetx/tg/ctx/business/remove_photo.go:45.46,50.2 1 0
github.com/enetx/tg/ctx/business/set_animated_photo.go:20.83,23.2 2 0
github.com/enetx/tg/ctx/business/set_animated_photo.go:26.57,29.2 2 0
github.com/enetx/tg/ctx/business/set_animated_photo.go:32.80,33.33 1 0
github.com/enetx/tg/ctx/business/set_animated_photo.go:33.33,35.3 1 0
github.com/enetx/tg/ctx/business/set_animated_photo.go:37.2,39.12 2 0
github.com/enetx/tg/ctx/business/set_animated_photo.go:43.69,44.33 1 0
github.com/enetx/tg/ctx/business/set_animated_photo.go:44.33,46.3 1 0
github.com/enetx/tg/ctx/business/set_animated_photo.go:48.2,50.12 2 0
github.com/enetx/tg/ctx/business/set_animated_photo.go:54.52,57.37 2 0
github.com/enetx/tg/ctx/business/set_animated_photo.go:57.37,59.3 1 0
github.com/enetx/tg/ctx/business/set_animated_photo.go:61.2,65.4 1 0
github.com/enetx/tg/ctx/business/set_bio.go:17.59,18.32 1 0
github.com/enetx/tg/ctx/business/set_bio.go:18.32,20.3 1 0
github.com/enetx/tg/ctx/business/set_bio.go:22.2,24.11 2 0
github.com/enetx/tg/ctx/business/set_bio.go:28.48,29.32 1 0
github.com/enetx/tg/ctx/business/set_bio.go:29.32,31.3 1 0
github.com/enetx/tg/ctx/business/set_bio.go:33.2,35.11 2 0
github.com/enetx/tg/ctx/business/set_bio.go:39.41,44.2 1 0
github.com/enetx/tg/ctx/business/set_name.go:18.57,21.2 2 0
github.com/enetx/tg/ctx/business/set_name.go:24.61,25.32 1 0
github.com/enetx/tg/ctx/business/set_name.go:25.32,27.3 1 0
github.com/enetx/tg/ctx/business/set_name.go:29.2,31.11 2 0
github.com/enetx/tg/ctx/business/set_name.go:35.50,36.32 1 0
github.com/enetx/tg/ctx/business/set_name.go:36.32,38.3 1 0
github.com/enetx/tg/ctx/business/set_name.go:40.2,42.11 2 0
github.com/enetx/tg/ctx/business/set_name.go:46.42,52.2 1 0
github.com/enetx/tg/ctx/business/set_photo.go:19.40,22.2 2 0
github.com/enetx/tg/ctx/business/set_photo.go:25.63,26.32 1 0
github.com/enetx/tg/ctx/business/set_photo.go:26.32,28.3 1 0
github.com/enetx/tg/ctx/business/set_photo.go:30.2,32.11 2 0
github.com/enetx/tg/ctx/business/set_photo.go:36.52,37.32 1 0
github.com/enetx/tg/ctx/business/set_photo.go:37.32,39.3 1 0
github.com/enetx/tg/ctx/business/set_photo.go:41.2,43.11 2 0
github.com/enetx/tg/ctx/business/set_photo.go:47.43,53.2 1 0
github.com/enetx/tg/ctx/business/set_username.go:17.69,18.32 1 0
github.com/enetx/tg/ctx/business/set_username.go:18.32,20.3 1 0
github.com/enetx/tg/ctx/business/set_username.go:22.2,24.11 2 0
github.com/enetx/tg/ctx/business/set_username.go:28.58,29.32 1 0
github.com/enetx/tg/ctx/business/set_username.go:29.32,31.3 1 0
github.com/enetx/tg/ctx/business/set_username.go:33.2,35.11 2 0
github.com/enetx/tg/ctx/business/set_username.go:39.46,44.2 1 0
github.com/enetx/tg/ctx/business/transfer_stars.go:19.72,20.31 1 0
github.com/enetx/tg/ctx/business/transfer_stars.go:20.31,22.3 1 0
github.com/enetx/tg/ctx/business/transfer_stars.go:24.2,26.10 2 0
github.com/enetx/tg/ctx/business/transfer_stars.go:30.61,31.31 1 0
github.com/enetx/tg/ctx/business/transfer_stars.go:31.31,33.3 1 0
github.com/enetx/tg/ctx/business/transfer_stars.go:35.2,37.10 2 0
github.com/enetx/tg/ctx/business/transfer_stars.go:41.47,43.2 1 0
github.com/enetx/tg/entities/entities.go:15.39,20.2 1 0
github.com/enetx/tg/entities/entities.go:23.49,24.49 1 0
github.com/enetx/tg/entities/entities.go:24.49,26.3 1 0
github.com/enetx/tg/entities/entities.go:30.51,31.49 1 0
github.com/enetx/tg/entities/entities.go:31.49,33.3 1 0
github.com/enetx/tg/entities/entities.go:37.54,38.49 1 0
github.com/enetx/tg/entities/entities.go:38.49,40.3 1 0
github.com/enetx/tg/entities/entities.go:44.58,45.49 1 0
github.com/enetx/tg/entities/entities.go:45.49,47.3 1 0
github.com/enetx/tg/entities/entities.go:51.52,52.49 1 0
github.com/enetx/tg/entities/entities.go:52.49,54.3 1 0
github.com/enetx/tg/entities/entities.go:58.49,59.49 1 0
github.com/enetx/tg/entities/entities.go:59.49,61.3 1 0
github.com/enetx/tg/entities/entities.go:65.70,66.49 1 0
github.com/enetx/tg/entities/entities.go:66.49,68.24 2 0
github.com/enetx/tg/entities/entities.go:68.24,70.4 1 0
github.com/enetx/tg/entities/entities.go:72.3,72.26 1 0
github.com/enetx/tg/entities/entities.go:77.53,78.49 1 0
github.com/enetx/tg/entities/entities.go:78.49,85.3 1 0
github.com/enetx/tg/entities/entities.go:89.66,90.49 1 0
github.com/enetx/tg/entities/entities.go:90.49,97.3 1 0
github.com/enetx/tg/entities/entities.go:101.65,102.49 1 0
github.com/enetx/tg/entities/entities.go:102.49,109.3 1 0
github.com/enetx/tg/entities/entities.go:113.55,114.49 1 0
github.com/enetx/tg/entities/entities.go:114.49,116.3 1 0
github.com/enetx/tg/entities/entities.go:120.65,121.49 1 0
github.com/enetx/tg/entities/entities.go:121.49,123.3 1 0
github.com/enetx/tg/entities/entities.go:127.81,129.17 2 0
github.com/enetx/tg/entities/entities.go:129.17,131.3 1 0
github.com/enetx/tg/entities/entities.go:133.2,133.10 1 0
github.com/enetx/tg/entities/entities.go:137.64,140.2 2 0
github.com/enetx/tg/entities/entities.go:143.66,144.16 1 0
github.com/enetx/tg/entities/entities.go:144.16,146.3 1 0
github.com/enetx/tg/entities/entities.go:148.2,148.10 1 0
github.com/enetx/tg/entities/entities.go:152.38,155.2 2 0
github.com/enetx/tg/entities/entities.go:158.34,160.2 1 0
github.com/enetx/tg/entities/entities.go:163.50,165.2 1 0
github.com/enetx/tg/ctx/add_sticker_to_set.go:21.76,24.2 2 0
github.com/enetx/tg/ctx/add_sticker_to_set.go:27.70,30.2 2 0
github.com/enetx/tg/ctx/add_sticker_to_set.go:33.82,36.2 2 0
github.com/enetx/tg/ctx/add_sticker_to_set.go:39.83,42.2 2 0
github.com/enetx/tg/ctx/add_sticker_to_set.go:45.106,54.2 2 0
github.com/enetx/tg/ctx/add_sticker_to_set.go:57.78,58.33 1 0
github.com/enetx/tg/ctx/add_sticker_to_set.go:58.33,60.3 1 0
github.com/enetx/tg/ctx/add_sticker_to_set.go:62.2,64.12 2 0
github.com/enetx/tg/ctx/add_sticker_to_set.go:68.67,69.33 1 0
github.com/enetx/tg/ctx/add_sticker_to_set.go:69.33,71.3 1 0
github.com/enetx/tg/ctx/add_sticker_to_set.go:73.2,75.12 2 0
github.com/enetx/tg/ctx/add_sticker_to_set.go:79.51,81.2 1 0
github.com/enetx/tg/ctx/answer_callback_query.go:17.72,20.2 2 0
github.com/enetx/tg/ctx/answer_callback_query.go:23.62,26.2 2 0
github.com/enetx/tg/ctx/answer_callback_query.go:29.87,32.2 2 0
github.com/enetx/tg/ctx/answer_callback_query.go:35.86,36.33 1 0
github.com/enetx/tg/ctx/answer_callback_query.go:36.33,38.3 1 0
github.com/enetx/tg/ctx/answer_callback_query.go:40.2,42.12 2 0
github.com/enetx/tg/ctx/answer_callback_query.go:46.75,47.33 1 0
github.com/enetx/tg/ctx/answer_callback_query.go:47.33,49.3 1 0
github.com/enetx/tg/ctx/answer_callback_query.go:51.2,53.12 2 0
github.com/enetx/tg/ctx/answer_callback_query.go:57.55,60.2 2 0
github.com/enetx/tg/ctx/answer_inline_query.go:20.87,23.2 2 0
github.com/enetx/tg/ctx/answer_inline_query.go:26.89,27.34 1 0
github.com/enetx/tg/ctx/answer_inline_query.go:27.34,29.3 1 0
github.com/enetx/tg/ctx/answer_inline_query.go:31.2,31.12 1 0
github.com/enetx/tg/ctx/answer_inline_query.go:35.83,38.2 2 0
github.com/enetx/tg/ctx/answer_inline_query.go:41.61,44.2 2 0
github.com/enetx/tg/ctx/answer_inline_query.go:47.82,50.2 2 0
github.com/enetx/tg/ctx/answer_inline_query.go:53.76,54.28 1 0
github.com/enetx/tg/ctx/answer_inline_query.go:54.28,56.3 1 0
github.com/enetx/tg/ctx/answer_inline_query.go:58.2,60.12 2 0
github.com/enetx/tg/ctx/answer_inline_query.go:64.85,65.28 1 0
github.com/enetx/tg/ctx/answer_inline_query.go:65.28,67.3 1 0
github.com/enetx/tg/ctx/answer_inline_query.go:69.2,71.12 2 0
github.com/enetx/tg/ctx/answer_inline_query.go:75.85,76.28 1 0
github.com/enetx/tg/ctx/answer_inline_query.go:76.28,78.3 1 0
github.com/enetx/tg/ctx/answer_inline_query.go:80.2,82.12 2 0
github.com/enetx/tg/ctx/answer_inline_query.go:86.82,87.33 1 0
github.com/enetx/tg/ctx/answer_inline_query.go:87.33,89.3 1 0
github.com/enetx/tg/ctx/answer_inline_query.go:91.2,93.12 2 0
github.com/enetx/tg/ctx/answer_inline_query.go:97.71,98.33 1 0
github.com/enetx/tg/ctx/answer_inline_query.go:98.33,100.3 1 0
github.com/enetx/tg/ctx/answer_inline_query.go:102.2,104.12 2 0
github.com/enetx/tg/ctx/answer_inline_query.go:108.53,110.2 1 0
github.com/enetx/tg/ctx/answer_pre_checkout_query.go:17.66,20.2 2 0
github.com/enetx/tg/ctx/answer_pre_checkout_query.go:23.82,28.2 3 0
github.com/enetx/tg/ctx/answer_pre_checkout_query.go:31.93,32.34 1 0
github.com/enetx/tg/ctx/answer_pre_checkout_query.go:32.34,34.3 1 0
github.com/enetx/tg/ctx/answer_pre_checkout_query.go:36.2,38.13 2 0
github.com/enetx/tg/ctx/answer_pre_checkout_query.go:42.82,43.34 1 0
github.com/enetx/tg/ctx/answer_pre_checkout_query.go:43.34,45.3 1 0
github.com/enetx/tg/ctx/answer_pre_checkout_query.go:47.2,49.13 2 0
github.com/enetx/tg/ctx/answer_pre_checkout_query.go:53.59,55.18 2 0
github.com/enetx/tg/ctx/answer_pre_checkout_query.go:55.18,57.3 1 0
github.com/enetx/tg/ctx/answer_pre_checkout_query.go:59.2,59.73 1 0
github.com/enetx/tg/ctx/answer_shipping_query.go:19.94,22.2 2 0
github.com/enetx/tg/ctx/answer_shipping_query.go:25.63,35.2 3 0
github.com/enetx/tg/ctx/answer_shipping_query.go:46.59,49.2 2 0
github.com/enetx/tg/ctx/answer_shipping_query.go:52.75,57.2 3 0
github.com/enetx/tg/ctx/answer_shipping_query.go:60.83,66.2 1 0
github.com/enetx/tg/ctx/answer_shipping_query.go:69.95,72.2 2 0
github.com/enetx/tg/ctx/answer_shipping_query.go:75.103,78.2 2 0
github.com/enetx/tg/ctx/answer_shipping_query.go:81.86,82.33 1 0
github.com/enetx/tg/ctx/answer_shipping_query.go:82.33,84.3 1 0
github.com/enetx/tg/ctx/answer_shipping_query.go:86.2,88.12 2 0
github.com/enetx/tg/ctx/answer_shipping_query.go:92.75,93.33 1 0
github.com/enetx/tg/ctx/answer_shipping_query.go:93.33,95.3 1 0
github.com/enetx/tg/ctx/answer_shipping_query.go:97.2,99.12 2 0
github.com/enetx/tg/ctx/answer_shipping_query.go:103.55,105.18 2 0
github.com/enetx/tg/ctx/answer_shipping_query.go:105.18,107.3 1 0
github.com/enetx/tg/ctx/answer_shipping_query.go:109.2,109.12 1 0
github.com/enetx/tg/ctx/answer_shipping_query.go:109.12,111.3 1 0
github.com/enetx/tg/ctx/answer_shipping_query.go:113.2,113.70 1 0
github.com/enetx/tg/ctx/answer_web_app_query.go:21.83,22.34 1 0
github.com/enetx/tg/ctx/answer_web_app_query.go:22.34,24.3 1 0
github.com/enetx/tg/ctx/answer_web_app_query.go:26.2,28.13 2 0
github.com/enetx/tg/ctx/answer_web_app_query.go:32.72,33.34 1 0
github.com/enetx/tg/ctx/answer_web_app_query.go:33.34,35.3 1 0
github.com/enetx/tg/ctx/answer_web_app_query.go:37.2,39.13 2 0
github.com/enetx/tg/ctx/answer_web_app_query.go:43.76,49.2 1 0
github.com/enetx/tg/ctx/approve_chat_join_request.go:19.82,22.2 2 0
github.com/enetx/tg/ctx/approve_chat_join_request.go:25.93,26.34 1 0
github.com/enetx/tg/ctx/approve_chat_join_request.go:26.34,28.3 1 0
github.com/enetx/tg/ctx/approve_chat_join_request.go:30.2,32.13 2 0
github.com/enetx/tg/ctx/approve_chat_join_request.go:36.82,37.34 1 0
github.com/enetx/tg/ctx/approve_chat_join_request.go:37.34,39.3 1 0
github.com/enetx/tg/ctx/approve_chat_join_request.go:41.2,43.13 2 0
github.com/enetx/tg/ctx/approve_chat_join_request.go:47.59,50.2 2 0
github.com/enetx/tg/ctx/ban_chat_member.go:18.57,21.2 2 0
github.com/enetx/tg/ctx/ban_chat_member.go:24.57,27.2 2 0
github.com/enetx/tg/ctx/ban_chat_member.go:30.62,33.2 2 0
github.com/enetx/tg/ctx/ban_chat_member.go:36.68,38.2 1 0
github.com/enetx/tg/ctx/ban_chat_member.go:41.72,42.31 1 0
github.com/enetx/tg/ctx/ban_chat_member.go:42.31,44.3 1 0
github.com/enetx/tg/ctx/ban_chat_member.go:46.2,48.10 2 0
github.com/enetx/tg/ctx/ban_chat_member.go:52.61,53.31 1 0
github.com/enetx/tg/ctx/ban_chat_member.go:53.31,55.3 1 0
github.com/enetx/tg/ctx/ban_chat_member.go:57.2,59.10 2 0
github.com/enetx/tg/ctx/ban_chat_member.go:63.47,66.2 2 0
github.com/enetx/tg/ctx/ban_chat_sender_chat.go:19.72,22.2 2 0
github.com/enetx/tg/ctx/ban_chat_sender_chat.go:25.83,26.34 1 0
github.com/enetx/tg/ctx/ban_chat_sender_chat.go:26.34,28.3 1 0
github.com/enetx/tg/ctx/ban_chat_sender_chat.go:30.2,32.13 2 0
github.com/enetx/tg/ctx/ban_chat_sender_chat.go:36.72,37.34 1 0
github.com/enetx/tg/ctx/ban_chat_sender_chat.go:37.34,39.3 1 0
github.com/enetx/tg/ctx/ban_chat_sender_chat.go:41.2,43.13 2 0
github.com/enetx/tg/ctx/ban_chat_sender_chat.go:47.54,53.2 1 0
github.com/enetx/tg/ctx/business.go:9.71,11.2 1 0
github.com/enetx/tg/ctx/close_forum_topic.go:19.78,20.33 1 0
github.com/enetx/tg/ctx/close_forum_topic.go:20.33,22.3 1 0
github.com/enetx/tg/ctx/close_forum_topic.go:24.2,26.12 2 0
github.com/enetx/tg/ctx/close_forum_topic.go:30.67,31.33 1 0
github.com/enetx/tg/ctx/close_forum_topic.go:31.33,33.3 1 0
github.com/enetx/tg/ctx/close_forum_topic.go:35.2,37.12 2 0
github.com/enetx/tg/ctx/close_forum_topic.go:41.63,44.2 2 0
github.com/enetx/tg/ctx/close_forum_topic.go:47.51,50.2 2 0
github.com/enetx/tg/ctx/close_general_forum_topic.go:18.93,19.34 1 0
github.com/enetx/tg/ctx/close_general_forum_topic.go:19.34,21.3 1 0
github.com/enetx/tg/ctx/close_general_forum_topic.go:23.2,25.13 2 0
github.com/enetx/tg/ctx/close_general_forum_topic.go:29.82,30.34 1 0
github.com/enetx/tg/ctx/close_general_forum_topic.go:30.34,32.3 1 0
github.com/enetx/tg/ctx/close_general_forum_topic.go:34.2,36.13 2 0
github.com/enetx/tg/ctx/close_general_forum_topic.go:40.78,43.2 2 0
github.com/enetx/tg/ctx/close_general_forum_topic.go:46.59,49.2 2 0
github.com/enetx/tg/ctx/context.go:37.54,48.2 1 0
github.com/enetx/tg/ctx/context.go:51.64,57.2 1 0
github.com/enetx/tg/ctx/context.go:60.78,66.2 1 0
github.com/enetx/tg/ctx/context.go:69.82,75.2 1 0
github.com/enetx/tg/ctx/context.go:78.68,84.2 1 0
github.com/enetx/tg/ctx/context.go:87.74,93.2 1 0
github.com/enetx/tg/ctx/context.go:96.72,102.2 1 0
github.com/enetx/tg/ctx/context.go:105.59,111.2 1 0
github.com/enetx/tg/ctx/context.go:114.107,122.2 1 0
github.com/enetx/tg/ctx/context.go:125.49,131.2 1 0
github.com/enetx/tg/ctx/context.go:134.99,141.2 1 0
github.com/enetx/tg/ctx/context.go:144.72,149.2 1 0
github.com/enetx/tg/ctx/context.go:152.72,158.2 1 0
github.com/enetx/tg/ctx/context.go:161.115,168.2 1 0
github.com/enetx/tg/ctx/context.go:172.109,179.2 1 0
github.com/enetx/tg/ctx/context.go:182.105,188.2 1 0
github.com/enetx/tg/ctx/context.go:191.42,196.2 1 0
github.com/enetx/tg/ctx/context.go:199.61,205.2 1 0
github.com/enetx/tg/ctx/context.go:208.67,215.20 3 0
github.com/enetx/tg/ctx/context.go:215.20,218.3 2 0
github.com/enetx/tg/ctx/context.go:220.2,223.10 3 0
github.com/enetx/tg/ctx/context.go:227.61,234.20 3 0
github.com/enetx/tg/ctx/context.go:234.20,237.3 2 0
github.com/enetx/tg/ctx/context.go:239.2,242.10 3 0
github.com/enetx/tg/ctx/context.go:246.61,253.20 3 0
github.com/enetx/tg/ctx/context.go:253.20,256.3 2 0
github.com/enetx/tg/ctx/context.go:258.2,261.10 3 0
github.com/enetx/tg/ctx/context.go:265.61,272.20 3 0
github.com/enetx/tg/ctx/context.go:272.20,275.3 2 0
github.com/enetx/tg/ctx/context.go:277.2,280.10 3 0
github.com/enetx/tg/ctx/context.go:284.61,291.20 3 0
github.com/enetx/tg/ctx/context.go:291.20,294.3 2 0
github.com/enetx/tg/ctx/context.go:296.2,299.10 3 0
github.com/enetx/tg/ctx/context.go:303.69,310.20 3 0
github.com/enetx/tg/ctx/context.go:310.20,313.3 2 0
github.com/enetx/tg/ctx/context.go:315.2,318.11 3 0
github.com/enetx/tg/ctx/context.go:322.69,329.20 3 0
github.com/enetx/tg/ctx/context.go:329.20,332.3 2 0
github.com/enetx/tg/ctx/context.go:334.2,337.10 3 0
github.com/enetx/tg/ctx/context.go:341.65,348.20 3 0
github.com/enetx/tg/ctx/context.go:348.20,351.3 2 0
github.com/enetx/tg/ctx/context.go:353.2,356.10 3 0
github.com/enetx/tg/ctx/context.go:360.77,367.2 1 0
github.com/enetx/tg/ctx/context.go:370.96,379.2 1 0
github.com/enetx/tg/ctx/context.go:382.79,389.2 1 0
github.com/enetx/tg/ctx/context.go:392.81,399.2 1 0
github.com/enetx/tg/ctx/context.go:402.75,409.2 1 0
github.com/enetx/tg/ctx/context.go:412.90,418.2 1 0
github.com/enetx/tg/ctx/context.go:421.78,426.2 1 0
github.com/enetx/tg/ctx/context.go:429.75,435.2 1 0
github.com/enetx/tg/ctx/context.go:438.69,444.2 1 0
github.com/enetx/tg/ctx/context.go:447.77,453.2 1 0
github.com/enetx/tg/ctx/context.go:456.42,461.2 1 0
github.com/enetx/tg/ctx/context.go:464.87,474.2 1 0
github.com/enetx/tg/ctx/context.go:477.70,482.2 1 0
github.com/enetx/tg/ctx/context.go:485.64,491.2 1 0
github.com/enetx/tg/ctx/context.go:494.77,500.2 1 0
github.com/enetx/tg/ctx/context.go:503.57,509.2 1 0
github.com/enetx/tg/ctx/context.go:512.104,519.2 1 0
github.com/enetx/tg/ctx/context.go:522.99,531.2 1 0
github.com/enetx/tg/ctx/context.go:534.114,542.2 1 0
github.com/enetx/tg/ctx/context.go:545.90,552.2 1 0
github.com/enetx/tg/ctx/context.go:555.60,560.2 1 0
github.com/enetx/tg/ctx/context.go:563.76,568.2 1 0
github.com/enetx/tg/ctx/context.go:571.58,576.2 1 0
github.com/enetx/tg/ctx/context.go:579.64,584.2 1 0
github.com/enetx/tg/ctx/context.go:591.29,599.2 1 0
github.com/enetx/tg/ctx/context.go:602.101,610.2 1 0
github.com/enetx/tg/ctx/context.go:613.116,621.2 1 0
github.com/enetx/tg/ctx/context.go:624.92,631.2 1 0
github.com/enetx/tg/ctx/context.go:634.46,636.16 2 0
github.com/enetx/tg/ctx/context.go:636.16,638.3 1 0
github.com/enetx/tg/ctx/context.go:640.2,640.87 1 0
github.com/enetx/tg/ctx/context.go:644.46,646.2 1 0
github.com/enetx/tg/ctx/context.go:649.46,655.2 1 0
github.com/enetx/tg/ctx/context.go:658.54,663.2 1 0
github.com/enetx/tg/ctx/context.go:666.52,671.2 1 0
github.com/enetx/tg/ctx/context.go:674.54,680.2 1 0
github.com/enetx/tg/ctx/context.go:683.56,689.2 1 0
github.com/enetx/tg/ctx/context.go:692.50,698.2 1 0
github.com/enetx/tg/ctx/context.go:701.67,708.2 1 0
github.com/enetx/tg/ctx/context.go:711.71,717.2 1 0
github.com/enetx/tg/ctx/context.go:720.75,726.2 1 0
github.com/enetx/tg/ctx/context.go:729.77,735.2 1 0
github.com/enetx/tg/ctx/context.go:738.79,744.2 1 0
github.com/enetx/tg/ctx/context.go:747.79,753.2 1 0
github.com/enetx/tg/ctx/context.go:756.81,762.2 1 0
github.com/enetx/tg/ctx/context.go:765.70,770.2 1 0
github.com/enetx/tg/ctx/context.go:773.68,778.2 1 0
github.com/enetx/tg/ctx/context.go:781.72,786.2 1 0
github.com/enetx/tg/ctx/context.go:789.72,794.2 1 0
github.com/enetx/tg/ctx/context.go:797.64,803.2 1 0
github.com/enetx/tg/ctx/context.go:806.82,811.2 1 0
github.com/enetx/tg/ctx/context.go:814.67,821.20 3 0
github.com/enetx/tg/ctx/context.go:821.20,824.3 2 0
github.com/enetx/tg/ctx/context.go:826.2,829.10 3 0
github.com/enetx/tg/ctx/context.go:833.56,838.2 1 0
github.com/enetx/tg/ctx/context.go:841.62,846.2 1 0
github.com/enetx/tg/ctx/context.go:852.36,859.2 1 0
github.com/enetx/tg/ctx/context.go:862.69,868.2 1 0
github.com/enetx/tg/ctx/context.go:871.58,876.2 1 0
github.com/enetx/tg/ctx/context.go:879.66,884.2 1 0
github.com/enetx/tg/ctx/context.go:887.99,893.2 1 0
github.com/enetx/tg/ctx/context.go:896.92,901.2 1 0
github.com/enetx/tg/ctx/context.go:904.40,909.2 1 0
github.com/enetx/tg/ctx/context.go:912.68,917.2 1 0
github.com/enetx/tg/ctx/context.go:920.64,926.2 1 0
github.com/enetx/tg/ctx/context.go:929.62,934.2 1 0
github.com/enetx/tg/ctx/context.go:937.98,945.2 1 0
github.com/enetx/tg/ctx/context.go:948.83,955.2 1 0
github.com/enetx/tg/ctx/context.go:958.65,964.2 1 0
github.com/enetx/tg/ctx/context.go:967.71,973.2 1 0
github.com/enetx/tg/ctx/context.go:976.88,982.2 1 0
github.com/enetx/tg/ctx/context.go:985.110,992.2 1 0
github.com/enetx/tg/ctx/context.go:999.24,1008.2 1 0
github.com/enetx/tg/ctx/context.go:1011.105,1017.2 1 0
github.com/enetx/tg/ctx/context.go:1020.82,1027.2 1 0
github.com/enetx/tg/ctx/context.go:1030.74,1036.2 1 0
github.com/enetx/tg/ctx/context.go:1039.86,1045.2 1 0
github.com/enetx/tg/ctx/context.go:1048.84,1054.2 1 0
github.com/enetx/tg/ctx/context.go:1057.92,1063.2 1 0
github.com/enetx/tg/ctx/context.go:1066.97,1073.2 1 0
github.com/enetx/tg/ctx/context.go:1076.89,1083.2 1 0
github.com/enetx/tg/ctx/context.go:1086.91,1092.2 1 0
github.com/enetx/tg/ctx/context.go:1095.60,1100.2 1 0
github.com/enetx/tg/ctx/context.go:1103.60,1108.2 1 0
github.com/enetx/tg/ctx/context.go:1111.58,1117.2 1 0
github.com/enetx/tg/ctx/context.go:1120.58,1126.2 1 0
github.com/enetx/tg/ctx/context.go:1129.82,1135.2 1 0
github.com/enetx/tg/ctx/context.go:1138.82,1144.2 1 0
github.com/enetx/tg/ctx/context.go:1147.88,1155.2 1 0
github.com/enetx/tg/ctx/context.go:1158.95,1165.2 1 0
github.com/enetx/tg/ctx/context.go:1168.64,1174.2 1 0
github.com/enetx/tg/ctx/context.go:1177.69,1184.2 1 0
github.com/enetx/tg/ctx/context.go:1187.72,1193.2 1 0
github.com/enetx/tg/ctx/context.go:1196.66,1201.2 1 0
github.com/enetx/tg/ctx/context.go:1204.81,1210.2 1 0
github.com/enetx/tg/ctx/context.go:1213.85,1219.2 1 0
github.com/enetx/tg/ctx/context.go:1222.82,1228.2 1 0
github.com/enetx/tg/ctx/context.go:1231.82,1237.2 1 0
github.com/enetx/tg/ctx/context.go:1240.44,1245.2 1 0
github.com/enetx/tg/ctx/context.go:1248.55,1254.2 1 0
github.com/enetx/tg/ctx/context.go:1257.83,1263.2 1 0
github.com/enetx/tg/ctx/context.go:1266.66,1271.2 1 0
github.com/enetx/tg/ctx/context.go:1274.109,1281.2 1 0
github.com/enetx/tg/ctx/context.go:1284.77,1290.2 1 0
github.com/enetx/tg/ctx/context.go:1293.82,1300.2 1 0
github.com/enetx/tg/ctx/context.go:1303.78,1309.2 1 0
github.com/enetx/tg/ctx/context.go:1312.66,1317.2 1 0
github.com/enetx/tg/ctx/context.go:1320.80,1327.2 1 0
github.com/enetx/tg/ctx/context.go:1333.30,1334.20 1 0
github.com/enetx/tg/ctx/context.go:1334.20,1335.13 1 0
github.com/enetx/tg/ctx/context.go:1335.13,1338.42 3 0
github.com/enetx/tg/ctx/context.go:1338.42,1340.5 1 0
github.com/enetx/tg/ctx/context.go:1343.3,1343.37 1 0
github.com/enetx/tg/ctx/context.go:1346.2,1348.40 2 0
github.com/enetx/tg/ctx/context.go:1348.40,1350.3 1 0
github.com/enetx/tg/ctx/context.go:1352.2,1352.12 1 0
github.com/enetx/tg/ctx/convert_gift_to_stars.go:19.85,20.34 1 0
github.com/enetx/tg/ctx/convert_gift_to_stars.go:20.34,22.3 1 0
github.com/enetx/tg/ctx/convert_gift_to_stars.go:24.2,26.13 2 0
github.com/enetx/tg/ctx/convert_gift_to_stars.go:30.74,31.34 1 0
github.com/enetx/tg/ctx/convert_gift_to_stars.go:31.34,33.3 1 0
github.com/enetx/tg/ctx/convert_gift_to_stars.go:35.2,37.13 2 0
github.com/enetx/tg/ctx/convert_gift_to_stars.go:41.55,47.2 1 0
github.com/enetx/tg/ctx/copy_message.go:24.74,27.2 2 0
github.com/enetx/tg/ctx/copy_message.go:30.66,33.2 2 0
github.com/enetx/tg/ctx/copy_message.go:36.72,39.2 2 0
github.com/enetx/tg/ctx/copy_message.go:42.62,45.2 2 0
github.com/enetx/tg/ctx/copy_message.go:48.43,51.2 2 0
github.com/enetx/tg/ctx/copy_message.go:54.47,57.2 2 0
github.com/enetx/tg/ctx/copy_message.go:60.45,63.2 2 0
github.com/enetx/tg/ctx/copy_message.go:66.46,69.2 2 0
github.com/enetx/tg/ctx/copy_message.go:72.65,75.2 2 0
github.com/enetx/tg/ctx/copy_message.go:78.53,81.2 2 0
github.com/enetx/tg/ctx/copy_message.go:84.71,87.2 2 0
github.com/enetx/tg/ctx/copy_message.go:90.55,93.2 2 0
github.com/enetx/tg/ctx/copy_message.go:96.57,99.2 2 0
github.com/enetx/tg/ctx/copy_message.go:102.61,105.2 2 0
github.com/enetx/tg/ctx/copy_message.go:108.68,109.31 1 0
github.com/enetx/tg/ctx/copy_message.go:109.31,111.3 1 0
github.com/enetx/tg/ctx/copy_message.go:113.2,115.10 2 0
github.com/enetx/tg/ctx/copy_message.go:119.57,120.31 1 0
github.com/enetx/tg/ctx/copy_message.go:120.31,122.3 1 0
github.com/enetx/tg/ctx/copy_message.go:124.2,126.10 2 0
github.com/enetx/tg/ctx/copy_message.go:130.53,133.2 2 0
github.com/enetx/tg/ctx/copy_message.go:136.59,137.22 1 0
github.com/enetx/tg/ctx/copy_message.go:137.22,138.13 1 0
github.com/enetx/tg/ctx/copy_message.go:138.13,142.60 4 0
github.com/enetx/tg/ctx/copy_message.go:142.60,144.5 1 0
github.com/enetx/tg/ctx/copy_message.go:147.3,147.39 1 0
github.com/enetx/tg/ctx/copy_message.go:150.2,153.45 3 0
github.com/enetx/tg/ctx/copy_message.go:153.45,155.3 1 0
github.com/enetx/tg/ctx/copy_message.go:157.2,157.15 1 0
github.com/enetx/tg/ctx/copy_messages.go:20.56,23.2 2 0
github.com/enetx/tg/ctx/copy_messages.go:26.62,29.2 2 0
github.com/enetx/tg/ctx/copy_messages.go:32.63,35.2 2 0
github.com/enetx/tg/ctx/copy_messages.go:38.65,41.2 2 0
github.com/enetx/tg/ctx/copy_messages.go:44.62,47.2 2 0
github.com/enetx/tg/ctx/copy_messages.go:50.48,53.2 2 0
github.com/enetx/tg/ctx/copy_messages.go:56.49,59.2 2 0
github.com/enetx/tg/ctx/copy_messages.go:62.55,65.2 2 0
github.com/enetx/tg/ctx/copy_messages.go:68.71,69.32 1 0
github.com/enetx/tg/ctx/copy_messages.go:69.32,71.3 1 0
github.com/enetx/tg/ctx/copy_messages.go:73.2,75.11 2 0
github.com/enetx/tg/ctx/copy_messages.go:79.60,80.32 1 0
github.com/enetx/tg/ctx/copy_messages.go:80.32,82.3 1 0
github.com/enetx/tg/ctx/copy_messages.go:84.2,86.11 2 0
github.com/enetx/tg/ctx/copy_messages.go:90.69,91.27 1 0
github.com/enetx/tg/ctx/copy_messages.go:91.27,93.3 1 0
github.com/enetx/tg/ctx/copy_messages.go:95.2,95.31 1 0
github.com/enetx/tg/ctx/copy_messages.go:95.31,99.3 1 0
github.com/enetx/tg/ctx/copy_messages.go:101.2,101.28 1 0
github.com/enetx/tg/ctx/copy_messages.go:101.28,103.3 1 0
github.com/enetx/tg/ctx/copy_messages.go:105.2,110.60 4 0
github.com/enetx/tg/ctx/create_chat_invite_link.go:18.78,21.2 2 0
github.com/enetx/tg/ctx/create_chat_invite_link.go:24.77,27.2 2 0
github.com/enetx/tg/ctx/create_chat_invite_link.go:30.80,33.2 2 0
github.com/enetx/tg/ctx/create_chat_invite_link.go:36.91,39.2 2 0
github.com/enetx/tg/ctx/create_chat_invite_link.go:42.82,45.2 2 0
github.com/enetx/tg/ctx/create_chat_invite_link.go:48.78,51.2 2 0
github.com/enetx/tg/ctx/create_chat_invite_link.go:54.89,55.34 1 0
github.com/enetx/tg/ctx/create_chat_invite_link.go:55.34,57.3 1 0
github.com/enetx/tg/ctx/create_chat_invite_link.go:59.2,61.13 2 0
github.com/enetx/tg/ctx/create_chat_invite_link.go:65.78,66.34 1 0
github.com/enetx/tg/ctx/create_chat_invite_link.go:66.34,68.3 1 0
github.com/enetx/tg/ctx/create_chat_invite_link.go:70.2,72.13 2 0
github.com/enetx/tg/ctx/create_chat_invite_link.go:76.76,79.2 2 0
github.com/enetx/tg/ctx/create_chat_subscription_invite_link.go:20.103,23.2 2 0
github.com/enetx/tg/ctx/create_chat_subscription_invite_link.go:26.102,29.2 2 0
github.com/enetx/tg/ctx/create_chat_subscription_invite_link.go:32.114,33.35 1 0
github.com/enetx/tg/ctx/create_chat_subscription_invite_link.go:33.35,35.3 1 0
github.com/enetx/tg/ctx/create_chat_subscription_invite_link.go:37.2,39.14 2 0
github.com/enetx/tg/ctx/create_chat_subscription_invite_link.go:43.103,44.35 1 0
github.com/enetx/tg/ctx/create_chat_subscription_invite_link.go:44.35,46.3 1 0
github.com/enetx/tg/ctx/create_chat_subscription_invite_link.go:48.2,50.14 2 0
github.com/enetx/tg/ctx/create_chat_subscription_invite_link.go:54.89,61.2 1 0
github.com/enetx/tg/ctx/create_forum_topic.go:19.70,22.2 2 0
github.com/enetx/tg/ctx/create_forum_topic.go:25.83,28.2 2 0
github.com/enetx/tg/ctx/create_forum_topic.go:31.79,32.32 1 0
github.com/enetx/tg/ctx/create_forum_topic.go:32.32,34.3 1 0
github.com/enetx/tg/ctx/create_forum_topic.go:36.2,38.11 2 0
github.com/enetx/tg/ctx/create_forum_topic.go:42.68,43.32 1 0
github.com/enetx/tg/ctx/create_forum_topic.go:43.32,45.3 1 0
github.com/enetx/tg/ctx/create_forum_topic.go:47.2,49.11 2 0
github.com/enetx/tg/ctx/create_forum_topic.go:53.64,56.2 2 0
github.com/enetx/tg/ctx/create_forum_topic.go:59.66,62.2 2 0
github.com/enetx/tg/ctx/create_invoice_link.go:22.86,25.2 2 0
github.com/enetx/tg/ctx/create_invoice_link.go:28.72,31.2 2 0
github.com/enetx/tg/ctx/create_invoice_link.go:34.80,37.2 2 0
github.com/enetx/tg/ctx/create_invoice_link.go:40.84,43.2 2 0
github.com/enetx/tg/ctx/create_invoice_link.go:46.71,49.2 2 0
github.com/enetx/tg/ctx/create_invoice_link.go:52.79,55.2 2 0
github.com/enetx/tg/ctx/create_invoice_link.go:58.78,61.2 2 0
github.com/enetx/tg/ctx/create_invoice_link.go:64.97,71.2 5 0
github.com/enetx/tg/ctx/create_invoice_link.go:74.61,77.2 2 0
github.com/enetx/tg/ctx/create_invoice_link.go:80.62,83.2 2 0
github.com/enetx/tg/ctx/create_invoice_link.go:86.62,89.2 2 0
github.com/enetx/tg/ctx/create_invoice_link.go:92.65,95.2 2 0
github.com/enetx/tg/ctx/create_invoice_link.go:98.62,101.2 2 0
github.com/enetx/tg/ctx/create_invoice_link.go:104.62,107.2 2 0
github.com/enetx/tg/ctx/create_invoice_link.go:110.61,113.2 2 0
github.com/enetx/tg/ctx/create_invoice_link.go:116.82,117.33 1 0
github.com/enetx/tg/ctx/create_invoice_link.go:117.33,119.3 1 0
github.com/enetx/tg/ctx/create_invoice_link.go:121.2,123.12 2 0
github.com/enetx/tg/ctx/create_invoice_link.go:127.71,128.33 1 0
github.com/enetx/tg/ctx/create_invoice_link.go:128.33,130.3 1 0
github.com/enetx/tg/ctx/create_invoice_link.go:132.2,134.12 2 0
github.com/enetx/tg/ctx/create_invoice_link.go:138.57,149.2 2 0
github.com/enetx/tg/ctx/create_new_sticker_set.go:29.88,32.2 2 0
github.com/enetx/tg/ctx/create_new_sticker_set.go:35.72,38.2 2 0
github.com/enetx/tg/ctx/create_new_sticker_set.go:45.19,52.2 2 0
github.com/enetx/tg/ctx/create_new_sticker_set.go:55.80,58.2 2 0
github.com/enetx/tg/ctx/create_new_sticker_set.go:61.103,72.2 3 0
github.com/enetx/tg/ctx/create_new_sticker_set.go:75.54,78.2 2 0
github.com/enetx/tg/ctx/create_new_sticker_set.go:81.86,82.33 1 0
github.com/enetx/tg/ctx/create_new_sticker_set.go:82.33,84.3 1 0
github.com/enetx/tg/ctx/create_new_sticker_set.go:86.2,88.12 2 0
github.com/enetx/tg/ctx/create_new_sticker_set.go:92.75,93.33 1 0
github.com/enetx/tg/ctx/create_new_sticker_set.go:93.33,95.3 1 0
github.com/enetx/tg/ctx/create_new_sticker_set.go:97.2,99.12 2 0
github.com/enetx/tg/ctx/create_new_sticker_set.go:103.55,104.28 1 0
github.com/enetx/tg/ctx/create_new_sticker_set.go:104.28,106.3 1 0
github.com/enetx/tg/ctx/create_new_sticker_set.go:108.2,109.92 1 0
github.com/enetx/tg/ctx/decline_chat_join_request.go:19.82,22.2 2 0
github.com/enetx/tg/ctx/decline_chat_join_request.go:25.93,26.34 1 0
github.com/enetx/tg/ctx/decline_chat_join_request.go:26.34,28.3 1 0
github.com/enetx/tg/ctx/decline_chat_join_request.go:30.2,32.13 2 0
github.com/enetx/tg/ctx/decline_chat_join_request.go:36.82,37.34 1 0
github.com/enetx/tg/ctx/decline_chat_join_request.go:37.34,39.3 1 0
github.com/enetx/tg/ctx/decline_chat_join_request.go:41.2,43.13 2 0
github.com/enetx/tg/ctx/decline_chat_join_request.go:47.59,50.2 2 0
github.com/enetx/tg/ctx/delete_chat_photo.go:18.63,21.2 2 0
github.com/enetx/tg/ctx/delete_chat_photo.go:24.78,25.33 1 0
github.com/enetx/tg/ctx/delete_chat_photo.go:25.33,27.3 1 0
github.com/enetx/tg/ctx/delete_chat_photo.go:29.2,31.12 2 0
github.com/enetx/tg/ctx/delete_chat_photo.go:35.67,36.33 1 0
github.com/enetx/tg/ctx/delete_chat_photo.go:36.33,38.3 1 0
github.com/enetx/tg/ctx/delete_chat_photo.go:40.2,42.12 2 0
github.com/enetx/tg/ctx/delete_chat_photo.go:46.51,49.2 2 0
github.com/enetx/tg/ctx/delete_chat_sticker_set.go:18.78,21.2 2 0
github.com/enetx/tg/ctx/delete_chat_sticker_set.go:24.89,25.34 1 0
github.com/enetx/tg/ctx/delete_chat_sticker_set.go:25.34,27.3 1 0
github.com/enetx/tg/ctx/delete_chat_sticker_set.go:29.2,31.13 2 0
github.com/enetx/tg/ctx/delete_chat_sticker_set.go:35.78,36.34 1 0
github.com/enetx/tg/ctx/delete_chat_sticker_set.go:36.34,38.3 1 0
github.com/enetx/tg/ctx/delete_chat_sticker_set.go:40.2,42.13 2 0
github.com/enetx/tg/ctx/delete_chat_sticker_set.go:46.57,49.2 2 0
github.com/enetx/tg/ctx/delete_forum_topic.go:19.80,20.33 1 0
github.com/enetx/tg/ctx/delete_forum_topic.go:20.33,22.3 1 0
github.com/enetx/tg/ctx/delete_forum_topic.go:24.2,26.12 2 0
github.com/enetx/tg/ctx/delete_forum_topic.go:30.69,31.33 1 0
github.com/enetx/tg/ctx/delete_forum_topic.go:31.33,33.3 1 0
github.com/enetx/tg/ctx/delete_forum_topic.go:35.2,37.12 2 0
github.com/enetx/tg/ctx/delete_forum_topic.go:41.65,44.2 2 0
github.com/enetx/tg/ctx/delete_forum_topic.go:47.52,50.2 2 0
github.com/enetx/tg/ctx/delete_message.go:20.71,23.2 2 0
github.com/enetx/tg/ctx/delete_message.go:26.58,29.2 2 0
github.com/enetx/tg/ctx/delete_message.go:32.61,35.2 2 0
github.com/enetx/tg/ctx/delete_message.go:38.73,39.32 1 0
github.com/enetx/tg/ctx/delete_message.go:39.32,41.3 1 0
github.com/enetx/tg/ctx/delete_message.go:43.2,45.11 2 0
github.com/enetx/tg/ctx/delete_message.go:49.62,50.32 1 0
github.com/enetx/tg/ctx/delete_message.go:50.32,52.3 1 0
github.com/enetx/tg/ctx/delete_message.go:54.2,56.11 2 0
github.com/enetx/tg/ctx/delete_message.go:60.48,64.23 3 0
github.com/enetx/tg/ctx/delete_message.go:64.23,71.21 5 0
github.com/enetx/tg/ctx/delete_message.go:71.21,74.4 2 0
github.com/enetx/tg/ctx/delete_message.go:76.3,76.107 1 0
github.com/enetx/tg/ctx/delete_message.go:76.107,79.4 2 0
github.com/enetx/tg/ctx/delete_message.go:81.3,81.20 1 0
github.com/enetx/tg/ctx/delete_message.go:84.2,84.79 1 0
github.com/enetx/tg/ctx/delete_messages.go:21.60,24.2 2 0
github.com/enetx/tg/ctx/delete_messages.go:27.74,30.2 2 0
github.com/enetx/tg/ctx/delete_messages.go:33.69,36.2 2 0
github.com/enetx/tg/ctx/delete_messages.go:39.73,42.2 2 0
github.com/enetx/tg/ctx/delete_messages.go:45.75,46.32 1 0
github.com/enetx/tg/ctx/delete_messages.go:46.32,48.3 1 0
github.com/enetx/tg/ctx/delete_messages.go:50.2,52.11 2 0
github.com/enetx/tg/ctx/delete_messages.go:56.64,57.32 1 0
github.com/enetx/tg/ctx/delete_messages.go:57.32,59.3 1 0
github.com/enetx/tg/ctx/delete_messages.go:61.2,63.11 2 0
github.com/enetx/tg/ctx/delete_messages.go:67.49,68.27 1 0
github.com/enetx/tg/ctx/delete_messages.go:68.27,70.3 1 0
github.com/enetx/tg/ctx/delete_messages.go:72.2,72.31 1 0
github.com/enetx/tg/ctx/delete_messages.go:72.31,74.3 1 0
github.com/enetx/tg/ctx/delete_messages.go:76.2,78.23 2 0
github.com/enetx/tg/ctx/delete_messages.go:78.23,85.21 5 0
github.com/enetx/tg/ctx/delete_messages.go:85.21,88.4 2 0
github.com/enetx/tg/ctx/delete_messages.go:90.3,90.117 1 0
github.com/enetx/tg/ctx/delete_messages.go:90.117,93.4 2 0
github.com/enetx/tg/ctx/delete_messages.go:101.3,101.20 1 0
github.com/enetx/tg/ctx/delete_messages.go:104.2,104.84 1 0
github.com/enetx/tg/ctx/delete_sticker_from_set.go:18.89,19.34 1 0
github.com/enetx/tg/ctx/delete_sticker_from_set.go:19.34,21.3 1 0
github.com/enetx/tg/ctx/delete_sticker_from_set.go:23.2,25.13 2 0
github.com/enetx/tg/ctx/delete_sticker_from_set.go:29.78,30.34 1 0
github.com/enetx/tg/ctx/delete_sticker_from_set.go:30.34,32.3 1 0
github.com/enetx/tg/ctx/delete_sticker_from_set.go:34.2,36.13 2 0
github.com/enetx/tg/ctx/delete_sticker_from_set.go:40.57,42.2 1 0
github.com/enetx/tg/ctx/delete_sticker_set.go:18.80,19.33 1 0
github.com/enetx/tg/ctx/delete_sticker_set.go:19.33,21.3 1 0
github.com/enetx/tg/ctx/delete_sticker_set.go:23.2,25.12 2 0
github.com/enetx/tg/ctx/delete_sticker_set.go:29.69,30.33 1 0
github.com/enetx/tg/ctx/delete_sticker_set.go:30.33,32.3 1 0
github.com/enetx/tg/ctx/delete_sticker_set.go:34.2,36.12 2 0
github.com/enetx/tg/ctx/delete_sticker_set.go:40.52,42.2 1 0
github.com/enetx/tg/ctx/delete_story.go:19.69,20.32 1 0
github.com/enetx/tg/ctx/delete_story.go:20.32,22.3 1 0
github.com/enetx/tg/ctx/delete_story.go:24.2,26.11 2 0
github.com/enetx/tg/ctx/delete_story.go:30.58,31.32 1 0
github.com/enetx/tg/ctx/delete_story.go:31.32,33.3 1 0
github.com/enetx/tg/ctx/delete_story.go:35.2,37.11 2 0
github.com/enetx/tg/ctx/delete_story.go:41.46,47.2 1 0
github.com/enetx/tg/ctx/edit_chat_invite_link.go:19.74,22.2 2 0
github.com/enetx/tg/ctx/edit_chat_invite_link.go:25.73,28.2 2 0
github.com/enetx/tg/ctx/edit_chat_invite_link.go:31.76,34.2 2 0
github.com/enetx/tg/ctx/edit_chat_invite_link.go:37.87,40.2 2 0
github.com/enetx/tg/ctx/edit_chat_invite_link.go:43.78,46.2 2 0
github.com/enetx/tg/ctx/edit_chat_invite_link.go:49.74,52.2 2 0
github.com/enetx/tg/ctx/edit_chat_invite_link.go:55.85,56.34 1 0
github.com/enetx/tg/ctx/edit_chat_invite_link.go:56.34,58.3 1 0
github.com/enetx/tg/ctx/edit_chat_invite_link.go:60.2,62.13 2 0
github.com/enetx/tg/ctx/edit_chat_invite_link.go:66.74,67.34 1 0
github.com/enetx/tg/ctx/edit_chat_invite_link.go:67.34,69.3 1 0
github.com/enetx/tg/ctx/edit_chat_invite_link.go:71.2,73.13 2 0
github.com/enetx/tg/ctx/edit_chat_invite_link.go:77.74,80.2 2 0
github.com/enetx/tg/ctx/edit_chat_subscription_invite_link.go:19.99,22.2 2 0
github.com/enetx/tg/ctx/edit_chat_subscription_invite_link.go:25.98,28.2 2 0
github.com/enetx/tg/ctx/edit_chat_subscription_invite_link.go:31.110,32.35 1 0
github.com/enetx/tg/ctx/edit_chat_subscription_invite_link.go:32.35,34.3 1 0
github.com/enetx/tg/ctx/edit_chat_subscription_invite_link.go:36.2,38.14 2 0
github.com/enetx/tg/ctx/edit_chat_subscription_invite_link.go:42.99,43.35 1 0
github.com/enetx/tg/ctx/edit_chat_subscription_invite_link.go:43.35,45.3 1 0
github.com/enetx/tg/ctx/edit_chat_subscription_invite_link.go:47.2,49.14 2 0
github.com/enetx/tg/ctx/edit_chat_subscription_invite_link.go:53.87,59.2 1 0
github.com/enetx/tg/ctx/edit_forum_topic.go:20.64,23.2 2 0
github.com/enetx/tg/ctx/edit_forum_topic.go:26.80,29.2 2 0
github.com/enetx/tg/ctx/edit_forum_topic.go:32.76,33.33 1 0
github.com/enetx/tg/ctx/edit_forum_topic.go:33.33,35.3 1 0
github.com/enetx/tg/ctx/edit_forum_topic.go:37.2,39.12 2 0
github.com/enetx/tg/ctx/edit_forum_topic.go:43.65,44.33 1 0
github.com/enetx/tg/ctx/edit_forum_topic.go:44.33,46.3 1 0
github.com/enetx/tg/ctx/edit_forum_topic.go:48.2,50.12 2 0
github.com/enetx/tg/ctx/edit_forum_topic.go:54.61,57.2 2 0
github.com/enetx/tg/ctx/edit_forum_topic.go:60.50,63.2 2 0
github.com/enetx/tg/ctx/edit_general_forum_topic.go:19.91,20.34 1 0
github.com/enetx/tg/ctx/edit_general_forum_topic.go:20.34,22.3 1 0
github.com/enetx/tg/ctx/edit_general_forum_topic.go:24.2,26.13 2 0
github.com/enetx/tg/ctx/edit_general_forum_topic.go:30.80,31.34 1 0
github.com/enetx/tg/ctx/edit_general_forum_topic.go:31.34,33.3 1 0
github.com/enetx/tg/ctx/edit_general_forum_topic.go:35.2,37.13 2 0
github.com/enetx/tg/ctx/edit_general_forum_topic.go:41.76,44.2 2 0
github.com/enetx/tg/ctx/edit_general_forum_topic.go:47.58,50.2 2 0
github.com/enetx/tg/ctx/edit_message_caption.go:21.69,24.2 2 0
github.com/enetx/tg/ctx/edit_message_caption.go:27.72,30.2 2 0
github.com/enetx/tg/ctx/edit_message_caption.go:33.81,36.2 2 0
github.com/enetx/tg/ctx/edit_message_caption.go:39.74,42.2 2 0
github.com/enetx/tg/ctx/edit_message_caption.go:45.77,48.2 2 0
github.com/enetx/tg/ctx/edit_message_caption.go:51.59,54.2 2 0
github.com/enetx/tg/ctx/edit_message_caption.go:57.63,60.2 2 0
github.com/enetx/tg/ctx/edit_message_caption.go:63.83,66.2 2 0
github.com/enetx/tg/ctx/edit_message_caption.go:69.76,72.2 2 0
github.com/enetx/tg/ctx/edit_message_caption.go:75.81,76.66 1 0
github.com/enetx/tg/ctx/edit_message_caption.go:76.66,78.3 1 0
github.com/enetx/tg/ctx/edit_message_caption.go:80.2,80.12 1 0
github.com/enetx/tg/ctx/edit_message_caption.go:84.84,85.33 1 0
github.com/enetx/tg/ctx/edit_message_caption.go:85.33,87.3 1 0
github.com/enetx/tg/ctx/edit_message_caption.go:89.2,91.12 2 0
github.com/enetx/tg/ctx/edit_message_caption.go:95.73,96.33 1 0
github.com/enetx/tg/ctx/edit_message_caption.go:96.33,98.3 1 0
github.com/enetx/tg/ctx/edit_message_caption.go:100.2,102.12 2 0
github.com/enetx/tg/ctx/edit_message_caption.go:106.66,112.2 4 0
github.com/enetx/tg/ctx/edit_message_checklist.go:25.90,29.71 1 0
github.com/enetx/tg/ctx/edit_message_checklist.go:29.71,31.4 1 0
github.com/enetx/tg/ctx/edit_message_checklist.go:32.45,35.4 2 0
github.com/enetx/tg/ctx/edit_message_checklist.go:40.83,43.2 2 0
github.com/enetx/tg/ctx/edit_message_checklist.go:46.77,49.2 2 0
github.com/enetx/tg/ctx/edit_message_checklist.go:52.78,55.2 2 0
github.com/enetx/tg/ctx/edit_message_checklist.go:58.76,61.2 2 0
github.com/enetx/tg/ctx/edit_message_checklist.go:64.83,67.2 2 0
github.com/enetx/tg/ctx/edit_message_checklist.go:70.85,71.66 1 0
github.com/enetx/tg/ctx/edit_message_checklist.go:71.66,73.3 1 0
github.com/enetx/tg/ctx/edit_message_checklist.go:75.2,75.12 1 0
github.com/enetx/tg/ctx/edit_message_checklist.go:79.88,80.33 1 0
github.com/enetx/tg/ctx/edit_message_checklist.go:80.33,82.3 1 0
github.com/enetx/tg/ctx/edit_message_checklist.go:84.2,86.12 2 0
github.com/enetx/tg/ctx/edit_message_checklist.go:90.77,91.33 1 0
github.com/enetx/tg/ctx/edit_message_checklist.go:91.33,93.3 1 0
github.com/enetx/tg/ctx/edit_message_checklist.go:95.2,97.12 2 0
github.com/enetx/tg/ctx/edit_message_checklist.go:101.68,102.35 1 0
github.com/enetx/tg/ctx/edit_message_checklist.go:102.35,104.3 1 0
github.com/enetx/tg/ctx/edit_message_checklist.go:106.2,106.36 1 0
github.com/enetx/tg/ctx/edit_message_checklist.go:106.36,108.3 1 0
github.com/enetx/tg/ctx/edit_message_checklist.go:111.2,115.100 3 0
github.com/enetx/tg/ctx/edit_message_live_location.go:23.84,26.2 2 0
github.com/enetx/tg/ctx/edit_message_live_location.go:29.90,32.2 2 0
github.com/enetx/tg/ctx/edit_message_live_location.go:35.92,38.2 2 0
github.com/enetx/tg/ctx/edit_message_live_location.go:41.85,44.2 2 0
github.com/enetx/tg/ctx/edit_message_live_location.go:47.95,50.2 2 0
github.com/enetx/tg/ctx/edit_message_live_location.go:53.100,56.2 2 0
github.com/enetx/tg/ctx/edit_message_live_location.go:59.86,62.2 2 0
github.com/enetx/tg/ctx/edit_message_live_location.go:65.98,68.2 2 0
github.com/enetx/tg/ctx/edit_message_live_location.go:71.99,72.66 1 0
github.com/enetx/tg/ctx/edit_message_live_location.go:72.66,74.3 1 0
github.com/enetx/tg/ctx/edit_message_live_location.go:76.2,76.13 1 0
github.com/enetx/tg/ctx/edit_message_live_location.go:80.95,81.34 1 0
github.com/enetx/tg/ctx/edit_message_live_location.go:81.34,83.3 1 0
github.com/enetx/tg/ctx/edit_message_live_location.go:85.2,87.13 2 0
github.com/enetx/tg/ctx/edit_message_live_location.go:91.84,92.34 1 0
github.com/enetx/tg/ctx/edit_message_live_location.go:92.34,94.3 1 0
github.com/enetx/tg/ctx/edit_message_live_location.go:96.2,98.13 2 0
github.com/enetx/tg/ctx/edit_message_live_location.go:102.72,108.2 4 0
github.com/enetx/tg/ctx/edit_message_media.go:22.65,25.2 2 0
github.com/enetx/tg/ctx/edit_message_media.go:28.68,31.2 2 0
github.com/enetx/tg/ctx/edit_message_media.go:34.77,37.2 2 0
github.com/enetx/tg/ctx/edit_message_media.go:40.70,43.2 2 0
github.com/enetx/tg/ctx/edit_message_media.go:46.77,47.66 1 0
github.com/enetx/tg/ctx/edit_message_media.go:47.66,49.3 1 0
github.com/enetx/tg/ctx/edit_message_media.go:51.2,51.12 1 0
github.com/enetx/tg/ctx/edit_message_media.go:55.80,56.33 1 0
github.com/enetx/tg/ctx/edit_message_media.go:56.33,58.3 1 0
github.com/enetx/tg/ctx/edit_message_media.go:60.2,62.12 2 0
github.com/enetx/tg/ctx/edit_message_media.go:66.69,67.33 1 0
github.com/enetx/tg/ctx/edit_message_media.go:67.33,69.3 1 0
github.com/enetx/tg/ctx/edit_message_media.go:71.2,73.12 2 0
github.com/enetx/tg/ctx/edit_message_media.go:77.64,83.2 4 0
github.com/enetx/tg/ctx/edit_message_reply_markup.go:20.78,23.2 2 0
github.com/enetx/tg/ctx/edit_message_reply_markup.go:26.81,29.2 2 0
github.com/enetx/tg/ctx/edit_message_reply_markup.go:32.90,35.2 2 0
github.com/enetx/tg/ctx/edit_message_reply_markup.go:38.83,41.2 2 0
github.com/enetx/tg/ctx/edit_message_reply_markup.go:44.93,45.34 1 0
github.com/enetx/tg/ctx/edit_message_reply_markup.go:45.34,47.3 1 0
github.com/enetx/tg/ctx/edit_message_reply_markup.go:49.2,51.13 2 0
github.com/enetx/tg/ctx/edit_message_reply_markup.go:55.82,56.34 1 0
github.com/enetx/tg/ctx/edit_message_reply_markup.go:56.34,58.3 1 0
github.com/enetx/tg/ctx/edit_message_reply_markup.go:60.2,62.13 2 0
github.com/enetx/tg/ctx/edit_message_reply_markup.go:66.71,67.20 1 0
github.com/enetx/tg/ctx/edit_message_reply_markup.go:67.20,68.72 1 0
github.com/enetx/tg/ctx/edit_message_reply_markup.go:68.72,70.4 1 0
github.com/enetx/tg/ctx/edit_message_reply_markup.go:73.2,77.29 4 0
github.com/enetx/tg/ctx/edit_message_text.go:22.77,25.2 2 0
github.com/enetx/tg/ctx/edit_message_text.go:28.53,31.2 2 0
github.com/enetx/tg/ctx/edit_message_text.go:34.57,37.2 2 0
github.com/enetx/tg/ctx/edit_message_text.go:40.63,43.2 2 0
github.com/enetx/tg/ctx/edit_message_text.go:46.66,49.2 2 0
github.com/enetx/tg/ctx/edit_message_text.go:52.75,55.2 2 0
github.com/enetx/tg/ctx/edit_message_text.go:58.68,61.2 2 0
github.com/enetx/tg/ctx/edit_message_text.go:64.78,65.33 1 0
github.com/enetx/tg/ctx/edit_message_text.go:65.33,67.3 1 0
github.com/enetx/tg/ctx/edit_message_text.go:69.2,71.12 2 0
github.com/enetx/tg/ctx/edit_message_text.go:75.67,76.33 1 0
github.com/enetx/tg/ctx/edit_message_text.go:76.33,78.3 1 0
github.com/enetx/tg/ctx/edit_message_text.go:80.2,82.12 2 0
github.com/enetx/tg/ctx/edit_message_text.go:86.75,87.66 1 0
github.com/enetx/tg/ctx/edit_message_text.go:87.66,89.3 1 0
github.com/enetx/tg/ctx/edit_message_text.go:91.2,91.12 1 0
github.com/enetx/tg/ctx/edit_message_text.go:95.74,98.2 2 0
github.com/enetx/tg/ctx/edit_message_text.go:101.63,107.2 4 0
github.com/enetx/tg/ctx/edit_story.go:23.59,26.2 2 0
github.com/enetx/tg/ctx/edit_story.go:29.40,32.2 2 0
github.com/enetx/tg/ctx/edit_story.go:35.44,38.2 2 0
github.com/enetx/tg/ctx/edit_story.go:41.58,44.2 2 0
github.com/enetx/tg/ctx/edit_story.go:47.71,50.2 2 0
github.com/enetx/tg/ctx/edit_story.go:53.55,56.2 2 0
github.com/enetx/tg/ctx/edit_story.go:59.65,60.32 1 0
github.com/enetx/tg/ctx/edit_story.go:60.32,62.3 1 0
github.com/enetx/tg/ctx/edit_story.go:64.2,66.11 2 0
github.com/enetx/tg/ctx/edit_story.go:70.54,71.32 1 0
github.com/enetx/tg/ctx/edit_story.go:71.32,73.3 1 0
github.com/enetx/tg/ctx/edit_story.go:75.2,77.11 2 0
github.com/enetx/tg/ctx/edit_story.go:81.54,88.2 1 0
github.com/enetx/tg/ctx/edit_user_star_subscription.go:20.94,21.31 1 0
github.com/enetx/tg/ctx/edit_user_star_subscription.go:21.31,23.3 1 0
github.com/enetx/tg/ctx/edit_user_star_subscription.go:25.2,27.10 2 0
github.com/enetx/tg/ctx/edit_user_star_subscription.go:31.83,32.31 1 0
github.com/enetx/tg/ctx/edit_user_star_subscription.go:32.31,34.3 1 0
github.com/enetx/tg/ctx/edit_user_star_subscription.go:36.2,38.10 2 0
github.com/enetx/tg/ctx/edit_user_star_subscription.go:42.58,49.2 1 0
github.com/enetx/tg/ctx/export_chat_invite_link.go:18.78,21.2 2 0
github.com/enetx/tg/ctx/export_chat_invite_link.go:24.89,25.34 1 0
github.com/enetx/tg/ctx/export_chat_invite_link.go:25.34,27.3 1 0
github.com/enetx/tg/ctx/export_chat_invite_link.go:29.2,31.13 2 0
github.com/enetx/tg/ctx/export_chat_invite_link.go:35.78,36.34 1 0
github.com/enetx/tg/ctx/export_chat_invite_link.go:36.34,38.3 1 0
github.com/enetx/tg/ctx/export_chat_invite_link.go:40.2,42.13 2 0
github.com/enetx/tg/ctx/export_chat_invite_link.go:46.61,51.2 3 0
github.com/enetx/tg/ctx/forward_message.go:21.73,24.2 2 0
github.com/enetx/tg/ctx/forward_message.go:27.79,30.2 2 0
github.com/enetx/tg/ctx/forward_message.go:33.52,36.2 2 0
github.com/enetx/tg/ctx/forward_message.go:39.53,42.2 2 0
github.com/enetx/tg/ctx/forward_message.go:45.75,46.32 1 0
github.com/enetx/tg/ctx/forward_message.go:46.32,48.3 1 0
github.com/enetx/tg/ctx/forward_message.go:50.2,52.11 2 0
github.com/enetx/tg/ctx/forward_message.go:56.64,57.32 1 0
github.com/enetx/tg/ctx/forward_message.go:57.32,59.3 1 0
github.com/enetx/tg/ctx/forward_message.go:61.2,63.11 2 0
github.com/enetx/tg/ctx/forward_message.go:67.60,70.2 2 0
github.com/enetx/tg/ctx/forward_message.go:73.61,74.83 1 0
github.com/enetx/tg/ctx/forward_message.go:74.83,77.3 2 0
github.com/enetx/tg/ctx/forward_messages.go:20.63,23.2 2 0
github.com/enetx/tg/ctx/forward_messages.go:26.69,29.2 2 0
github.com/enetx/tg/ctx/forward_messages.go:32.70,35.2 2 0
github.com/enetx/tg/ctx/forward_messages.go:38.72,41.2 2 0
github.com/enetx/tg/ctx/forward_messages.go:44.69,47.2 2 0
github.com/enetx/tg/ctx/forward_messages.go:50.55,53.2 2 0
github.com/enetx/tg/ctx/forward_messages.go:56.56,59.2 2 0
github.com/enetx/tg/ctx/forward_messages.go:62.78,63.33 1 0
github.com/enetx/tg/ctx/forward_messages.go:63.33,65.3 1 0
github.com/enetx/tg/ctx/forward_messages.go:67.2,69.12 2 0
github.com/enetx/tg/ctx/forward_messages.go:73.67,74.33 1 0
github.com/enetx/tg/ctx/forward_messages.go:74.33,76.3 1 0
github.com/enetx/tg/ctx/forward_messages.go:78.2,80.12 2 0
github.com/enetx/tg/ctx/forward_messages.go:84.73,85.28 1 0
github.com/enetx/tg/ctx/forward_messages.go:85.28,87.3 1 0
github.com/enetx/tg/ctx/forward_messages.go:89.2,89.32 1 0
github.com/enetx/tg/ctx/forward_messages.go:89.32,93.3 1 0
github.com/enetx/tg/ctx/forward_messages.go:95.2,95.29 1 0
github.com/enetx/tg/ctx/forward_messages.go:95.29,97.3 1 0
github.com/enetx/tg/ctx/forward_messages.go:99.2,104.60 4 0
github.com/enetx/tg/ctx/get_available_gifts.go:17.83,18.34 1 0
github.com/enetx/tg/ctx/get_available_gifts.go:18.34,20.3 1 0
github.com/enetx/tg/ctx/get_available_gifts.go:22.2,24.13 2 0
github.com/enetx/tg/ctx/get_available_gifts.go:28.72,29.34 1 0
github.com/enetx/tg/ctx/get_available_gifts.go:29.34,31.3 1 0
github.com/enetx/tg/ctx/get_available_gifts.go:33.2,35.13 2 0
github.com/enetx/tg/ctx/get_available_gifts.go:39.64,41.2 1 0
github.com/enetx/tg/ctx/get_chat.go:18.46,21.2 2 0
github.com/enetx/tg/ctx/get_chat.go:24.61,25.32 1 0
github.com/enetx/tg/ctx/get_chat.go:25.32,27.3 1 0
github.com/enetx/tg/ctx/get_chat.go:29.2,31.11 2 0
github.com/enetx/tg/ctx/get_chat.go:35.50,36.32 1 0
github.com/enetx/tg/ctx/get_chat.go:36.32,38.3 1 0
github.com/enetx/tg/ctx/get_chat.go:40.2,42.11 2 0
github.com/enetx/tg/ctx/get_chat.go:46.59,49.2 2 0
github.com/enetx/tg/ctx/get_chat_administrators.go:18.75,21.2 2 0
github.com/enetx/tg/ctx/get_chat_administrators.go:24.90,25.33 1 0
github.com/enetx/tg/ctx/get_chat_administrators.go:25.33,27.3 1 0
github.com/enetx/tg/ctx/get_chat_administrators.go:29.2,31.12 2 0
github.com/enetx/tg/ctx/get_chat_administrators.go:35.79,36.33 1 0
github.com/enetx/tg/ctx/get_chat_administrators.go:36.33,38.3 1 0
github.com/enetx/tg/ctx/get_chat_administrators.go:40.2,42.12 2 0
github.com/enetx/tg/ctx/get_chat_administrators.go:46.80,51.2 3 0
github.com/enetx/tg/ctx/get_chat_member.go:19.59,22.2 2 0
github.com/enetx/tg/ctx/get_chat_member.go:25.59,28.2 2 0
github.com/enetx/tg/ctx/get_chat_member.go:31.74,32.33 1 0
github.com/enetx/tg/ctx/get_chat_member.go:32.33,34.3 1 0
github.com/enetx/tg/ctx/get_chat_member.go:36.2,38.12 2 0
github.com/enetx/tg/ctx/get_chat_member.go:42.63,43.33 1 0
github.com/enetx/tg/ctx/get_chat_member.go:43.33,45.3 1 0
github.com/enetx/tg/ctx/get_chat_member.go:47.2,49.12 2 0
github.com/enetx/tg/ctx/get_chat_member.go:53.63,56.2 2 0
github.com/enetx/tg/ctx/get_chat_member_count.go:18.69,21.2 2 0
github.com/enetx/tg/ctx/get_chat_member_count.go:24.84,25.33 1 0
github.com/enetx/tg/ctx/get_chat_member_count.go:25.33,27.3 1 0
github.com/enetx/tg/ctx/get_chat_member_count.go:29.2,31.12 2 0
github.com/enetx/tg/ctx/get_chat_member_count.go:35.73,36.33 1 0
github.com/enetx/tg/ctx/get_chat_member_count.go:36.33,38.3 1 0
github.com/enetx/tg/ctx/get_chat_member_count.go:40.2,42.12 2 0
github.com/enetx/tg/ctx/get_chat_member_count.go:46.55,51.2 3 0
github.com/enetx/tg/ctx/get_chat_menu_button.go:18.72,21.2 2 0
github.com/enetx/tg/ctx/get_chat_menu_button.go:24.83,25.34 1 0
github.com/enetx/tg/ctx/get_chat_menu_button.go:25.34,27.3 1 0
github.com/enetx/tg/ctx/get_chat_menu_button.go:29.2,31.13 2 0
github.com/enetx/tg/ctx/get_chat_menu_button.go:35.72,36.34 1 0
github.com/enetx/tg/ctx/get_chat_menu_button.go:36.34,38.3 1 0
github.com/enetx/tg/ctx/get_chat_menu_button.go:40.2,42.13 2 0
github.com/enetx/tg/ctx/get_chat_menu_button.go:46.68,49.2 2 0
github.com/enetx/tg/ctx/get_custom_emoji_stickers.go:18.93,19.34 1 0
github.com/enetx/tg/ctx/get_custom_emoji_stickers.go:19.34,21.3 1 0
github.com/enetx/tg/ctx/get_custom_emoji_stickers.go:23.2,25.13 2 0
github.com/enetx/tg/ctx/get_custom_emoji_stickers.go:29.82,30.34 1 0
github.com/enetx/tg/ctx/get_custom_emoji_stickers.go:30.34,32.3 1 0
github.com/enetx/tg/ctx/get_custom_emoji_stickers.go:34.2,36.13 2 0
github.com/enetx/tg/ctx/get_custom_emoji_stickers.go:40.79,43.2 2 0
github.com/enetx/tg/ctx/get_file.go:18.61,19.32 1 0
github.com/enetx/tg/ctx/get_file.go:19.32,21.3 1 0
github.com/enetx/tg/ctx/get_file.go:23.2,25.11 2 0
github.com/enetx/tg/ctx/get_file.go:29.50,30.32 1 0
github.com/enetx/tg/ctx/get_file.go:30.32,32.3 1 0
github.com/enetx/tg/ctx/get_file.go:34.2,36.11 2 0
github.com/enetx/tg/ctx/get_file.go:40.51,42.2 1 0
github.com/enetx/tg/ctx/get_forum_topic_icon_stickers.go:17.100,18.35 1 0
github.com/enetx/tg/ctx/get_forum_topic_icon_stickers.go:18.35,20.3 1 0
github.com/enetx/tg/ctx/get_forum_topic_icon_stickers.go:22.2,24.14 2 0
github.com/enetx/tg/ctx/get_forum_topic_icon_stickers.go:28.89,29.35 1 0
github.com/enetx/tg/ctx/get_forum_topic_icon_stickers.go:29.35,31.3 1 0
github.com/enetx/tg/ctx/get_forum_topic_icon_stickers.go:33.2,35.14 2 0
github.com/enetx/tg/ctx/get_forum_topic_icon_stickers.go:39.83,41.2 1 0
github.com/enetx/tg/ctx/get_game_high_scores.go:21.72,24.2 2 0
github.com/enetx/tg/ctx/get_game_high_scores.go:27.72,30.2 2 0
github.com/enetx/tg/ctx/get_game_high_scores.go:33.78,36.2 2 0
github.com/enetx/tg/ctx/get_game_high_scores.go:39.93,42.2 2 0
github.com/enetx/tg/ctx/get_game_high_scores.go:45.83,46.34 1 0
github.com/enetx/tg/ctx/get_game_high_scores.go:46.34,48.3 1 0
github.com/enetx/tg/ctx/get_game_high_scores.go:50.2,52.13 2 0
github.com/enetx/tg/ctx/get_game_high_scores.go:56.72,57.34 1 0
github.com/enetx/tg/ctx/get_game_high_scores.go:57.34,59.3 1 0
github.com/enetx/tg/ctx/get_game_high_scores.go:61.2,63.13 2 0
github.com/enetx/tg/ctx/get_game_high_scores.go:67.80,71.35 3 0
github.com/enetx/tg/ctx/get_game_high_scores.go:71.35,73.3 1 0
github.com/enetx/tg/ctx/get_game_high_scores.go:75.2,76.64 2 0
github.com/enetx/tg/ctx/get_my_star_balance.go:17.81,18.34 1 0
github.com/enetx/tg/ctx/get_my_star_balance.go:18.34,20.3 1 0
github.com/enetx/tg/ctx/get_my_star_balance.go:22.2,24.13 2 0
github.com/enetx/tg/ctx/get_my_star_balance.go:28.70,29.34 1 0
github.com/enetx/tg/ctx/get_my_star_balance.go:29.34,31.3 1 0
github.com/enetx/tg/ctx/get_my_star_balance.go:33.2,35.13 2 0
github.com/enetx/tg/ctx/get_my_star_balance.go:39.68,41.2 1 0
github.com/enetx/tg/ctx/get_star_transactions.go:17.76,20.2 2 0
github.com/enetx/tg/ctx/get_star_transactions.go:23.74,26.2 2 0
github.com/enetx/tg/ctx/get_star_transactions.go:29.87,30.34 1 0
github.com/enetx/tg/ctx/get_star_transactions.go:30.34,32.3 1 0
github.com/enetx/tg/ctx/get_star_transactions.go:34.2,36.13 2 0
github.com/enetx/tg/ctx/get_star_transactions.go:40.76,41.34 1 0
github.com/enetx/tg/ctx/get_star_transactions.go:41.34,43.3 1 0
github.com/enetx/tg/ctx/get_star_transactions.go:45.2,47.13 2 0
github.com/enetx/tg/ctx/get_star_transactions.go:51.77,53.2 1 0
github.com/enetx/tg/ctx/get_sticker_set.go:18.74,19.33 1 0
github.com/enetx/tg/ctx/get_sticker_set.go:19.33,21.3 1 0
github.com/enetx/tg/ctx/get_sticker_set.go:23.2,25.12 2 0
github.com/enetx/tg/ctx/get_sticker_set.go:29.63,30.33 1 0
github.com/enetx/tg/ctx/get_sticker_set.go:30.33,32.3 1 0
github.com/enetx/tg/ctx/get_sticker_set.go:34.2,36.12 2 0
github.com/enetx/tg/ctx/get_sticker_set.go:40.64,42.2 1 0
github.com/enetx/tg/ctx/get_user_chat_boosts.go:19.72,22.2 2 0
github.com/enetx/tg/ctx/get_user_chat_boosts.go:25.83,26.34 1 0
github.com/enetx/tg/ctx/get_user_chat_boosts.go:26.34,28.3 1 0
github.com/enetx/tg/ctx/get_user_chat_boosts.go:30.2,32.13 2 0
github.com/enetx/tg/ctx/get_user_chat_boosts.go:36.72,37.34 1 0
github.com/enetx/tg/ctx/get_user_chat_boosts.go:37.34,39.3 1 0
github.com/enetx/tg/ctx/get_user_chat_boosts.go:41.2,43.13 2 0
github.com/enetx/tg/ctx/get_user_chat_boosts.go:47.73,53.2 1 0
github.com/enetx/tg/ctx/get_user_profile_photos.go:19.78,22.2 2 0
github.com/enetx/tg/ctx/get_user_profile_photos.go:25.76,28.2 2 0
github.com/enetx/tg/ctx/get_user_profile_photos.go:31.89,32.34 1 0
github.com/enetx/tg/ctx/get_user_profile_photos.go:32.34,34.3 1 0
github.com/enetx/tg/ctx/get_user_profile_photos.go:36.2,38.13 2 0
github.com/enetx/tg/ctx/get_user_profile_photos.go:42.78,43.34 1 0
github.com/enetx/tg/ctx/get_user_profile_photos.go:43.34,45.3 1 0
github.com/enetx/tg/ctx/get_user_profile_photos.go:47.2,49.13 2 0
github.com/enetx/tg/ctx/get_user_profile_photos.go:53.79,55.2 1 0
github.com/enetx/tg/ctx/gift_premium_subscription.go:21.82,24.2 2 0
github.com/enetx/tg/ctx/gift_premium_subscription.go:27.69,30.2 2 0
github.com/enetx/tg/ctx/gift_premium_subscription.go:33.73,36.2 2 0
github.com/enetx/tg/ctx/gift_premium_subscription.go:39.93,42.2 2 0
github.com/enetx/tg/ctx/gift_premium_subscription.go:45.94,46.33 1 0
github.com/enetx/tg/ctx/gift_premium_subscription.go:46.33,48.3 1 0
github.com/enetx/tg/ctx/gift_premium_subscription.go:50.2,52.12 2 0
github.com/enetx/tg/ctx/gift_premium_subscription.go:56.83,57.33 1 0
github.com/enetx/tg/ctx/gift_premium_subscription.go:57.33,59.3 1 0
github.com/enetx/tg/ctx/gift_premium_subscription.go:61.2,63.12 2 0
github.com/enetx/tg/ctx/gift_premium_subscription.go:67.59,74.2 1 0
github.com/enetx/tg/ctx/hide_general_forum_topic.go:18.80,21.2 2 0
github.com/enetx/tg/ctx/hide_general_forum_topic.go:24.91,25.34 1 0
github.com/enetx/tg/ctx/hide_general_forum_topic.go:25.34,27.3 1 0
github.com/enetx/tg/ctx/hide_general_forum_topic.go:29.2,31.13 2 0
github.com/enetx/tg/ctx/hide_general_forum_topic.go:35.80,36.34 1 0
github.com/enetx/tg/ctx/hide_general_forum_topic.go:36.34,38.3 1 0
github.com/enetx/tg/ctx/hide_general_forum_topic.go:40.2,42.13 2 0
github.com/enetx/tg/ctx/hide_general_forum_topic.go:46.58,51.2 1 0
github.com/enetx/tg/ctx/leave_chat.go:18.54,21.2 2 0
github.com/enetx/tg/ctx/leave_chat.go:24.65,25.32 1 0
github.com/enetx/tg/ctx/leave_chat.go:25.32,27.3 1 0
github.com/enetx/tg/ctx/leave_chat.go:29.2,31.11 2 0
github.com/enetx/tg/ctx/leave_chat.go:35.54,36.32 1 0
github.com/enetx/tg/ctx/leave_chat.go:36.32,38.3 1 0
github.com/enetx/tg/ctx/leave_chat.go:40.2,42.11 2 0
github.com/enetx/tg/ctx/leave_chat.go:46.44,49.2 2 0
github.com/enetx/tg/ctx/media_group.go:23.65,26.2 2 0
github.com/enetx/tg/ctx/media_group.go:29.71,32.2 2 0
github.com/enetx/tg/ctx/media_group.go:35.60,38.2 2 0
github.com/enetx/tg/ctx/media_group.go:41.60,42.44 1 0
github.com/enetx/tg/ctx/media_group.go:42.44,44.3 1 0
github.com/enetx/tg/ctx/media_group.go:46.2,46.11 1 0
github.com/enetx/tg/ctx/media_group.go:50.60,51.44 1 0
github.com/enetx/tg/ctx/media_group.go:51.44,53.3 1 0
github.com/enetx/tg/ctx/media_group.go:55.2,55.11 1 0
github.com/enetx/tg/ctx/media_group.go:59.66,60.50 1 0
github.com/enetx/tg/ctx/media_group.go:60.50,62.3 1 0
github.com/enetx/tg/ctx/media_group.go:64.2,64.11 1 0
github.com/enetx/tg/ctx/media_group.go:68.44,71.2 2 0
github.com/enetx/tg/ctx/media_group.go:74.45,77.2 2 0
github.com/enetx/tg/ctx/media_group.go:80.56,83.2 2 0
github.com/enetx/tg/ctx/media_group.go:86.52,89.2 2 0
github.com/enetx/tg/ctx/media_group.go:92.69,95.2 2 0
github.com/enetx/tg/ctx/media_group.go:98.60,101.2 2 0
github.com/enetx/tg/ctx/media_group.go:104.57,107.2 2 0
github.com/enetx/tg/ctx/media_group.go:110.52,113.2 2 0
github.com/enetx/tg/ctx/media_group.go:116.67,117.32 1 0
github.com/enetx/tg/ctx/media_group.go:117.32,119.3 1 0
github.com/enetx/tg/ctx/media_group.go:121.2,123.11 2 0
github.com/enetx/tg/ctx/media_group.go:127.56,128.32 1 0
github.com/enetx/tg/ctx/media_group.go:128.32,130.3 1 0
github.com/enetx/tg/ctx/media_group.go:132.2,134.11 2 0
github.com/enetx/tg/ctx/media_group.go:138.65,139.25 1 0
github.com/enetx/tg/ctx/media_group.go:139.25,141.3 1 0
github.com/enetx/tg/ctx/media_group.go:143.2,146.102 3 0
github.com/enetx/tg/ctx/message_reaction.go:20.73,23.2 2 0
github.com/enetx/tg/ctx/message_reaction.go:26.77,31.2 3 0
github.com/enetx/tg/ctx/message_reaction.go:34.88,39.2 3 0
github.com/enetx/tg/ctx/message_reaction.go:42.58,45.2 2 0
github.com/enetx/tg/ctx/message_reaction.go:48.70,51.2 2 0
github.com/enetx/tg/ctx/message_reaction.go:54.84,55.33 1 0
github.com/enetx/tg/ctx/message_reaction.go:55.33,57.3 1 0
github.com/enetx/tg/ctx/message_reaction.go:59.2,61.12 2 0
github.com/enetx/tg/ctx/message_reaction.go:65.73,66.33 1 0
github.com/enetx/tg/ctx/message_reaction.go:66.33,68.3 1 0
github.com/enetx/tg/ctx/message_reaction.go:70.2,72.12 2 0
github.com/enetx/tg/ctx/message_reaction.go:76.54,81.2 3 0
github.com/enetx/tg/ctx/pin_chat_message.go:19.61,22.2 2 0
github.com/enetx/tg/ctx/pin_chat_message.go:25.66,28.2 2 0
github.com/enetx/tg/ctx/pin_chat_message.go:31.53,34.2 2 0
github.com/enetx/tg/ctx/pin_chat_message.go:37.76,38.33 1 0
github.com/enetx/tg/ctx/pin_chat_message.go:38.33,40.3 1 0
github.com/enetx/tg/ctx/pin_chat_message.go:42.2,44.12 2 0
github.com/enetx/tg/ctx/pin_chat_message.go:48.65,49.33 1 0
github.com/enetx/tg/ctx/pin_chat_message.go:49.33,51.3 1 0
github.com/enetx/tg/ctx/pin_chat_message.go:53.2,55.12 2 0
github.com/enetx/tg/ctx/pin_chat_message.go:59.50,62.2 2 0
github.com/enetx/tg/ctx/post_story.go:23.59,26.2 2 0
github.com/enetx/tg/ctx/post_story.go:29.40,32.2 2 0
github.com/enetx/tg/ctx/post_story.go:35.44,38.2 2 0
github.com/enetx/tg/ctx/post_story.go:41.71,44.2 2 0
github.com/enetx/tg/ctx/post_story.go:47.55,50.2 2 0
github.com/enetx/tg/ctx/post_story.go:53.67,56.2 2 0
github.com/enetx/tg/ctx/post_story.go:59.50,62.2 2 0
github.com/enetx/tg/ctx/post_story.go:65.43,68.2 2 0
github.com/enetx/tg/ctx/post_story.go:71.65,72.32 1 0
github.com/enetx/tg/ctx/post_story.go:72.32,74.3 1 0
github.com/enetx/tg/ctx/post_story.go:76.2,78.11 2 0
github.com/enetx/tg/ctx/post_story.go:82.54,83.32 1 0
github.com/enetx/tg/ctx/post_story.go:83.32,85.3 1 0
github.com/enetx/tg/ctx/post_story.go:87.2,89.11 2 0
github.com/enetx/tg/ctx/post_story.go:93.54,100.2 1 0
github.com/enetx/tg/ctx/promote_chat_member.go:20.65,23.2 2 0
github.com/enetx/tg/ctx/promote_chat_member.go:26.71,31.2 3 0
github.com/enetx/tg/ctx/promote_chat_member.go:34.80,35.31 1 0
github.com/enetx/tg/ctx/promote_chat_member.go:35.31,37.3 1 0
github.com/enetx/tg/ctx/promote_chat_member.go:39.2,41.10 2 0
github.com/enetx/tg/ctx/promote_chat_member.go:45.69,46.31 1 0
[...]
github.com/enetx/tg/input/message_invoice.go:66.54,69.2 2 0
github.com/enetx/tg/input/message_invoice.go:72.55,75.2 2 0
github.com/enetx/tg/input/message_invoice.go:78.55,81.2 2 0
github.com/enetx/tg/input/message_invoice.go:84.58,87.2 2 0
github.com/enetx/tg/input/message_invoice.go:90.55,93.2 2 0
github.com/enetx/tg/input/message_invoice.go:96.55,99.2 2 0
github.com/enetx/tg/input/message_invoice.go:102.54,105.2 2 0
github.com/enetx/tg/input/message_invoice.go:108.63,110.2 1 0
github.com/enetx/tg/input/message_location.go:13.61,20.2 1 0
github.com/enetx/tg/input/message_location.go:23.82,26.2 2 0
github.com/enetx/tg/input/message_location.go:29.70,32.2 2 0
github.com/enetx/tg/input/message_location.go:35.68,38.2 2 0
github.com/enetx/tg/input/message_location.go:41.80,44.2 2 0
github.com/enetx/tg/input/message_location.go:47.64,49.2 1 0
github.com/enetx/tg/input/message_text.go:16.46,22.2 1 0
github.com/enetx/tg/input/message_text.go:25.44,28.2 2 0
github.com/enetx/tg/input/message_text.go:31.48,34.2 2 0
github.com/enetx/tg/input/message_text.go:37.67,40.2 2 0
github.com/enetx/tg/input/message_text.go:43.65,46.2 2 0
github.com/enetx/tg/input/message_text.go:49.60,51.2 1 0
github.com/enetx/tg/input/message_venue.go:14.80,23.2 1 0
github.com/enetx/tg/input/message_venue.go:26.65,29.2 2 0
github.com/enetx/tg/input/message_venue.go:32.74,35.2 2 0
github.com/enetx/tg/input/message_venue.go:38.66,41.2 2 0
github.com/enetx/tg/input/message_venue.go:44.75,47.2 2 0
github.com/enetx/tg/input/message_venue.go:50.61,52.2 1 0
github.com/enetx/tg/input/paid_media_photo.go:14.54,20.2 1 0
github.com/enetx/tg/input/paid_media_photo.go:23.59,25.2 1 0
github.com/enetx/tg/input/paid_media_video.go:17.54,23.2 1 0
github.com/enetx/tg/input/paid_media_video.go:26.66,29.2 2 0
github.com/enetx/tg/input/paid_media_video.go:32.80,35.2 2 0
github.com/enetx/tg/input/paid_media_video.go:38.63,41.2 2 0
github.com/enetx/tg/input/paid_media_video.go:44.65,47.2 2 0
github.com/enetx/tg/input/paid_media_video.go:50.77,53.2 2 0
github.com/enetx/tg/input/paid_media_video.go:56.74,59.2 2 0
github.com/enetx/tg/input/paid_media_video.go:62.57,65.2 2 0
github.com/enetx/tg/input/paid_media_video.go:68.59,70.2 1 0
github.com/enetx/tg/input/poll_option.go:15.40,21.2 1 0
github.com/enetx/tg/input/poll_option.go:24.42,27.2 2 0
github.com/enetx/tg/input/poll_option.go:30.46,33.2 2 0
github.com/enetx/tg/input/poll_option.go:36.69,39.2 2 0
github.com/enetx/tg/input/poll_option.go:42.55,44.2 1 0
github.com/enetx/tg/input/profile_photo_animated.go:14.62,20.2 1 0
github.com/enetx/tg/input/profile_photo_animated.go:23.94,26.2 2 0
github.com/enetx/tg/input/profile_photo_animated.go:29.68,31.2 1 0
github.com/enetx/tg/input/profile_photo_static.go:14.54,20.2 1 0
github.com/enetx/tg/input/profile_photo_static.go:23.66,25.2 1 0
github.com/enetx/tg/input/sticker.go:15.96,23.2 1 0
github.com/enetx/tg/input/sticker.go:26.87,29.2 2 0
github.com/enetx/tg/input/sticker.go:32.75,35.2 2 0
github.com/enetx/tg/input/sticker.go:38.53,40.2 1 0
github.com/enetx/tg/input/story_content_photo.go:14.52,20.2 1 0
github.com/enetx/tg/input/story_content_photo.go:23.65,25.2 1 0
github.com/enetx/tg/input/story_content_video.go:16.52,22.2 1 0
github.com/enetx/tg/input/story_content_video.go:25.83,28.2 2 0
github.com/enetx/tg/input/story_content_video.go:31.95,34.2 2 0
github.com/enetx/tg/input/story_content_video.go:37.62,40.2 2 0
github.com/enetx/tg/input/story_content_video.go:43.65,45.2 1 0
github.com/enetx/tg/keyboard/button.go:25.62,27.35 2 0
github.com/enetx/tg/keyboard/button.go:27.35,29.3 1 0
github.com/enetx/tg/keyboard/button.go:31.2,34.10 3 0
github.com/enetx/tg/keyboard/button.go:38.53,41.2 2 0
github.com/enetx/tg/keyboard/button.go:44.46,47.2 2 0
github.com/enetx/tg/keyboard/button.go:50.54,53.2 2 0
github.com/enetx/tg/keyboard/button.go:56.44,59.2 2 0
github.com/enetx/tg/keyboard/button.go:62.47,65.2 2 0
github.com/enetx/tg/keyboard/button.go:68.49,71.2 2 0
github.com/enetx/tg/keyboard/button.go:74.52,77.2 2 0
github.com/enetx/tg/keyboard/button.go:80.32,83.2 2 0
github.com/enetx/tg/keyboard/button.go:86.33,89.2 2 0
github.com/enetx/tg/keyboard/button.go:92.60,95.2 2 0
github.com/enetx/tg/keyboard/button.go:98.71,101.2 2 0
github.com/enetx/tg/keyboard/button.go:104.27,106.2 1 0
github.com/enetx/tg/keyboard/button.go:111.44,115.2 3 0
github.com/enetx/tg/keyboard/button.go:118.45,123.2 3 0
github.com/enetx/tg/keyboard/button.go:126.49,130.21 3 0
github.com/enetx/tg/keyboard/button.go:130.21,132.3 1 0
github.com/enetx/tg/keyboard/button.go:134.2,134.10 1 0
github.com/enetx/tg/keyboard/button.go:138.33,140.21 2 0
github.com/enetx/tg/keyboard/button.go:140.21,142.3 1 0
github.com/enetx/tg/keyboard/button.go:144.2,144.10 1 0
github.com/enetx/tg/keyboard/button.go:148.55,151.16 2 0
github.com/enetx/tg/keyboard/button.go:151.16,152.17 1 0
github.com/enetx/tg/keyboard/button.go:152.17,154.4 1 0
github.com/enetx/tg/keyboard/button.go:154.9,156.4 1 0
github.com/enetx/tg/keyboard/button.go:159.2,159.12 1 0
github.com/enetx/tg/keyboard/button.go:164.44,166.2 1 0
github.com/enetx/tg/keyboard/button.go:169.40,171.2 1 0
github.com/enetx/tg/keyboard/button.go:174.39,176.2 1 0
github.com/enetx/tg/keyboard/button.go:179.40,181.2 1 0
github.com/enetx/tg/keyboard/button.go:184.40,186.2 1 0
github.com/enetx/tg/keyboard/inline_keyboard.go:17.48,20.2 2 0
github.com/enetx/tg/keyboard/inline_keyboard.go:23.89,24.20 1 0
github.com/enetx/tg/keyboard/inline_keyboard.go:24.20,26.3 1 0
github.com/enetx/tg/keyboard/inline_keyboard.go:26.8,28.3 1 0
github.com/enetx/tg/keyboard/inline_keyboard.go:30.2,30.10 1 0
github.com/enetx/tg/keyboard/inline_keyboard.go:34.62,35.34 1 0
github.com/enetx/tg/keyboard/inline_keyboard.go:35.34,37.3 1 0
github.com/enetx/tg/keyboard/inline_keyboard.go:39.2,39.17 1 0
github.com/enetx/tg/keyboard/inline_keyboard.go:39.17,42.3 2 0
github.com/enetx/tg/keyboard/inline_keyboard.go:44.2,45.14 2 0
github.com/enetx/tg/keyboard/inline_keyboard.go:45.14,47.3 1 0
github.com/enetx/tg/keyboard/inline_keyboard.go:49.2,49.29 1 0
github.com/enetx/tg/keyboard/inline_keyboard.go:49.29,50.22 1 0
github.com/enetx/tg/keyboard/inline_keyboard.go:50.22,51.39 1 0
github.com/enetx/tg/keyboard/inline_keyboard.go:51.39,54.5 2 0
github.com/enetx/tg/keyboard/inline_keyboard.go:58.2,59.36 2 0
github.com/enetx/tg/keyboard/inline_keyboard.go:63.62,64.64 1 0
github.com/enetx/tg/keyboard/inline_keyboard.go:64.64,66.3 1 0
github.com/enetx/tg/keyboard/inline_keyboard.go:68.2,70.29 2 0
github.com/enetx/tg/keyboard/inline_keyboard.go:70.29,71.22 1 0
github.com/enetx/tg/keyboard/inline_keyboard.go:71.22,72.39 1 0
github.com/enetx/tg/keyboard/inline_keyboard.go:72.39,75.5 2 0
github.com/enetx/tg/keyboard/inline_keyboard.go:79.2,79.36 1 0
github.com/enetx/tg/keyboard/inline_keyboard.go:83.72,88.2 1 0
github.com/enetx/tg/keyboard/inline_keyboard.go:91.66,96.2 1 0
github.com/enetx/tg/keyboard/inline_keyboard.go:99.69,104.2 1 0
github.com/enetx/tg/keyboard/inline_keyboard.go:107.71,112.2 1 0
github.com/enetx/tg/keyboard/inline_keyboard.go:115.74,120.2 1 0
github.com/enetx/tg/keyboard/inline_keyboard.go:123.61,128.2 1 0
github.com/enetx/tg/keyboard/inline_keyboard.go:131.62,136.2 1 0
github.com/enetx/tg/keyboard/inline_keyboard.go:139.82,144.2 1 0
github.com/enetx/tg/keyboard/inline_keyboard.go:147.93,152.2 1 0
github.com/enetx/tg/keyboard/inline_keyboard.go:155.55,158.2 2 0
github.com/enetx/tg/keyboard/inline_keyboard.go:162.81,163.28 1 0
github.com/enetx/tg/keyboard/inline_keyboard.go:164.37,165.97 1 0
github.com/enetx/tg/keyboard/inline_keyboard.go:166.36,167.97 1 0
github.com/enetx/tg/keyboard/inline_keyboard.go:170.2,170.10 1 0
github.com/enetx/tg/keyboard/inline_keyboard.go:174.77,175.17 1 0
github.com/enetx/tg/keyboard/inline_keyboard.go:175.17,177.3 1 0
github.com/enetx/tg/keyboard/inline_keyboard.go:179.2,179.40 1 0
github.com/enetx/tg/keyboard/inline_keyboard.go:180.37,181.30 1 0
github.com/enetx/tg/keyboard/inline_keyboard.go:182.36,183.31 1 0
github.com/enetx/tg/keyboard/inline_keyboard.go:184.10,185.11 1 0
github.com/enetx/tg/keyboard/inline_keyboard.go:190.74,191.20 1 0
github.com/enetx/tg/keyboard/inline_keyboard.go:191.20,193.3 1 0
github.com/enetx/tg/keyboard/inline_keyboard.go:195.2,197.29 2 0
github.com/enetx/tg/keyboard/inline_keyboard.go:197.29,200.22 2 0
github.com/enetx/tg/keyboard/inline_keyboard.go:200.22,204.20 3 0
github.com/enetx/tg/keyboard/inline_keyboard.go:204.20,206.5 1 0
github.com/enetx/tg/keyboard/inline_keyboard.go:209.3,209.22 1 0
github.com/enetx/tg/keyboard/inline_keyboard.go:209.22,211.4 1 0
github.com/enetx/tg/keyboard/inline_keyboard.go:214.2,216.10 2 0
github.com/enetx/tg/keyboard/keyboard.go:18.42,20.38 2 0
github.com/enetx/tg/keyboard/keyboard.go:20.38,22.3 1 0
github.com/enetx/tg/keyboard/keyboard.go:24.2,24.29 1 0
github.com/enetx/tg/keyboard/keyboard.go:25.23,26.28 1 0
github.com/enetx/tg/keyboard/keyboard.go:27.37,28.26 1 0
github.com/enetx/tg/keyboard/keyboard.go:29.36,30.27 1 0
github.com/enetx/tg/keyboard/keyboard.go:31.10,32.12 1 0
github.com/enetx/tg/keyboard/keyboard.go:37.29,37.58 1 0
github.com/enetx/tg/keyboard/reply_keyboard.go:16.47,19.2 2 0
github.com/enetx/tg/keyboard/reply_keyboard.go:22.82,23.21 1 0
github.com/enetx/tg/keyboard/reply_keyboard.go:23.21,25.3 1 0
github.com/enetx/tg/keyboard/reply_keyboard.go:25.8,27.3 1 0
github.com/enetx/tg/keyboard/reply_keyboard.go:29.2,29.11 1 0
github.com/enetx/tg/keyboard/reply_keyboard.go:33.61,35.2 1 0
github.com/enetx/tg/keyboard/reply_keyboard.go:38.64,43.2 1 0
github.com/enetx/tg/keyboard/reply_keyboard.go:46.65,51.2 1 0
github.com/enetx/tg/keyboard/reply_keyboard.go:54.68,59.2 1 0
github.com/enetx/tg/keyboard/reply_keyboard.go:62.61,67.2 1 0
github.com/enetx/tg/keyboard/reply_keyboard.go:70.61,75.2 1 0
github.com/enetx/tg/keyboard/reply_keyboard.go:78.62,83.2 1 0
github.com/enetx/tg/keyboard/reply_keyboard.go:86.55,92.2 2 0
github.com/enetx/tg/preview/preview.go:13.21,15.2 1 0
github.com/enetx/tg/preview/preview.go:18.68,19.16 1 0
github.com/enetx/tg/preview/preview.go:19.16,21.3 1 0
github.com/enetx/tg/preview/preview.go:23.2,23.10 1 0
github.com/enetx/tg/preview/preview.go:27.46,30.2 2 0
github.com/enetx/tg/preview/preview.go:33.38,36.2 2 0
github.com/enetx/tg/preview/preview.go:39.36,42.2 2 0
github.com/enetx/tg/preview/preview.go:45.36,48.2 2 0
github.com/enetx/tg/preview/preview.go:51.36,54.2 2 0
github.com/enetx/tg/preview/preview.go:57.53,59.2 1 0
github.com/enetx/tg/types/effects/effects.go:18.37,19.11 1 0
github.com/enetx/tg/types/effects/effects.go:20.12,21.31 1 0
github.com/enetx/tg/types/effects/effects.go:22.16,23.31 1 0
github.com/enetx/tg/types/effects/effects.go:24.18,25.31 1 0
github.com/enetx/tg/types/effects/effects.go:26.13,27.34 1 0
github.com/enetx/tg/types/effects/effects.go:28.19,29.31 1 0
github.com/enetx/tg/types/effects/effects.go:30.12,31.31 1 0
github.com/enetx/tg/types/effects/effects.go:32.10,33.19 1 0
github.com/enetx/tg/types/chat/chat.go:18.35,19.11 1 0
github.com/enetx/tg/types/chat/chat.go:20.15,21.19 1 0
github.com/enetx/tg/types/chat/chat.go:22.13,23.17 1 0
github.com/enetx/tg/types/chat/chat.go:24.18,25.22 1 0
github.com/enetx/tg/types/chat/chat.go:26.15,27.19 1 0
github.com/enetx/tg/types/chat/chat.go:28.14,29.18 1 0
github.com/enetx/tg/types/chat/chat.go:30.10,31.19 1 0
github.com/enetx/tg/types/chatmember/chatmember.go:19.43,20.11 1 0
github.com/enetx/tg/types/chatmember/chatmember.go:21.15,22.19 1 0
github.com/enetx/tg/types/chatmember/chatmember.go:23.21,24.25 1 0
github.com/enetx/tg/types/chatmember/chatmember.go:25.14,26.18 1 0
github.com/enetx/tg/types/chatmember/chatmember.go:27.18,28.22 1 0
github.com/enetx/tg/types/chatmember/chatmember.go:29.12,30.16 1 0
github.com/enetx/tg/types/chatmember/chatmember.go:31.14,32.18 1 0
github.com/enetx/tg/types/chatmember/chatmember.go:33.10,34.19 1 0
github.com/enetx/tg/types/entity/entity.go:43.37,44.11 1 0
github.com/enetx/tg/types/entity/entity.go:45.15,46.19 1 0
github.com/enetx/tg/types/entity/entity.go:47.15,48.19 1 0
github.com/enetx/tg/types/entity/entity.go:49.15,50.19 1 0
github.com/enetx/tg/types/entity/entity.go:51.18,52.23 1 0
github.com/enetx/tg/types/entity/entity.go:53.11,54.15 1 0
github.com/enetx/tg/types/entity/entity.go:55.13,56.17 1 0
github.com/enetx/tg/types/entity/entity.go:57.19,58.24 1 0
github.com/enetx/tg/types/entity/entity.go:59.12,60.16 1 0
github.com/enetx/tg/types/entity/entity.go:61.14,62.18 1 0
github.com/enetx/tg/types/entity/entity.go:63.17,64.21 1 0
github.com/enetx/tg/types/entity/entity.go:65.21,66.25 1 0
github.com/enetx/tg/types/entity/entity.go:67.15,68.19 1 0
github.com/enetx/tg/types/entity/entity.go:69.18,70.22 1 0
github.com/enetx/tg/types/entity/entity.go:71.28,72.33 1 0
github.com/enetx/tg/types/entity/entity.go:73.12,74.16 1 0
github.com/enetx/tg/types/entity/entity.go:75.11,76.15 1 0
github.com/enetx/tg/types/entity/entity.go:77.16,78.21 1 0
github.com/enetx/tg/types/entity/entity.go:79.19,80.24 1 0
github.com/enetx/tg/types/entity/entity.go:81.19,82.24 1 0
github.com/enetx/tg/types/entity/entity.go:83.10,84.19 1 0
github.com/enetx/tg/types/chataction/chataction.go:27.37,28.11 1 0
github.com/enetx/tg/types/chataction/chataction.go:29.14,30.18 1 0
github.com/enetx/tg/types/chataction/chataction.go:31.19,32.24 1 0
github.com/enetx/tg/types/chataction/chataction.go:33.19,34.24 1 0
github.com/enetx/tg/types/chataction/chataction.go:35.19,36.24 1 0
github.com/enetx/tg/types/chataction/chataction.go:37.19,38.24 1 0
github.com/enetx/tg/types/chataction/chataction.go:39.19,40.24 1 0
github.com/enetx/tg/types/chataction/chataction.go:41.22,42.27 1 0
github.com/enetx/tg/types/chataction/chataction.go:43.21,44.26 1 0
github.com/enetx/tg/types/chataction/chataction.go:45.20,46.25 1 0
github.com/enetx/tg/types/chataction/chataction.go:47.23,48.29 1 0
github.com/enetx/tg/types/chataction/chataction.go:49.23,50.29 1 0
github.com/enetx/tg/types/chataction/chataction.go:51.10,52.19 1 0
github.com/enetx/tg/types/passport/passport.go:42.48,44.2 1 0
github.com/enetx/tg/types/passport/passport.go:59.111,67.2 1 0
github.com/enetx/tg/types/passport/passport.go:70.100,77.2 1 0
github.com/enetx/tg/types/passport/passport.go:80.102,87.2 1 0
github.com/enetx/tg/types/passport/passport.go:90.97,97.2 1 0
github.com/enetx/tg/types/passport/passport.go:100.95,107.2 1 0
github.com/enetx/tg/types/passport/passport.go:110.116,117.2 1 0
github.com/enetx/tg/types/passport/passport.go:120.106,127.2 1 0
github.com/enetx/tg/types/passport/passport.go:134.18,141.2 1 0
github.com/enetx/tg/types/passport/passport.go:144.105,151.2 1 0
github.com/enetx/tg/types/passport/passport.go:154.63,155.22 1 0
github.com/enetx/tg/types/passport/passport.go:156.22,162.4 1 0
github.com/enetx/tg/types/passport/passport.go:163.22,168.4 1 0
github.com/enetx/tg/types/passport/passport.go:169.24,174.4 1 0
github.com/enetx/tg/types/passport/passport.go:175.19,180.4 1 0
github.com/enetx/tg/types/passport/passport.go:181.17,186.4 1 0
github.com/enetx/tg/types/passport/passport.go:187.18,192.4 1 0
github.com/enetx/tg/types/passport/passport.go:193.28,198.4 1 0
github.com/enetx/tg/types/passport/passport.go:199.29,204.4 1 0
github.com/enetx/tg/types/passport/passport.go:205.24,210.4 1 0
github.com/enetx/tg/types/passport/passport.go:211.10,217.4 1 0
github.com/enetx/tg/types/passport/passport.go:222.77,224.2 1 0
github.com/enetx/tg/types/permissions/permissions.go:27.64,29.26 2 0
github.com/enetx/tg/types/permissions/permissions.go:29.26,30.12 1 0
github.com/enetx/tg/types/permissions/permissions.go:31.21,32.29 1 0
github.com/enetx/tg/types/permissions/permissions.go:33.19,34.27 1 0
github.com/enetx/tg/types/permissions/permissions.go:35.22,36.30 1 0
github.com/enetx/tg/types/permissions/permissions.go:37.19,38.27 1 0
github.com/enetx/tg/types/permissions/permissions.go:39.19,40.27 1 0
github.com/enetx/tg/types/permissions/permissions.go:41.23,42.31 1 0
github.com/enetx/tg/types/permissions/permissions.go:43.23,44.31 1 0
github.com/enetx/tg/types/permissions/permissions.go:45.18,46.26 1 0
github.com/enetx/tg/types/permissions/permissions.go:47.26,48.34 1 0
github.com/enetx/tg/types/permissions/permissions.go:49.27,50.35 1 0
github.com/enetx/tg/types/permissions/permissions.go:51.19,52.27 1 0
github.com/enetx/tg/types/permissions/permissions.go:53.20,54.28 1 0
github.com/enetx/tg/types/permissions/permissions.go:55.20,56.28 1 0
github.com/enetx/tg/types/permissions/permissions.go:57.21,58.29 1 0
github.com/enetx/tg/types/permissions/permissions.go:62.2,62.11 1 0
github.com/enetx/tg/types/rights/rights.go:28.61,30.25 2 0
github.com/enetx/tg/types/rights/rights.go:30.25,31.12 1 0
github.com/enetx/tg/types/rights/rights.go:32.18,33.29 1 0
github.com/enetx/tg/types/rights/rights.go:34.19,35.31 1 0
github.com/enetx/tg/types/rights/rights.go:36.23,37.35 1 0
github.com/enetx/tg/types/rights/rights.go:38.25,39.37 1 0
github.com/enetx/tg/types/rights/rights.go:40.24,41.36 1 0
github.com/enetx/tg/types/rights/rights.go:42.23,43.35 1 0
github.com/enetx/tg/types/rights/rights.go:44.19,45.31 1 0
github.com/enetx/tg/types/rights/rights.go:46.20,47.32 1 0
github.com/enetx/tg/types/rights/rights.go:48.21,49.33 1 0
github.com/enetx/tg/types/rights/rights.go:50.21,51.33 1 0
github.com/enetx/tg/types/rights/rights.go:52.20,53.32 1 0
github.com/enetx/tg/types/rights/rights.go:54.20,55.32 1 0
github.com/enetx/tg/types/rights/rights.go:56.20,57.32 1 0
github.com/enetx/tg/types/rights/rights.go:58.22,59.34 1 0
github.com/enetx/tg/types/rights/rights.go:60.21,61.33 1 0
github.com/enetx/tg/types/rights/rights.go:65.2,65.15 1 0
github.com/enetx/tg/types/updates/update.go:34.37,35.11 1 0
github.com/enetx/tg/types/updates/update.go:36.15,37.19 1 0
github.com/enetx/tg/types/updates/update.go:38.21,39.26 1 0
github.com/enetx/tg/types/updates/update.go:40.19,41.24 1 0
github.com/enetx/tg/types/updates/update.go:42.25,43.31 1 0
github.com/enetx/tg/types/updates/update.go:44.19,45.24 1 0
github.com/enetx/tg/types/updates/update.go:46.26,47.32 1 0
github.com/enetx/tg/types/updates/update.go:48.21,49.26 1 0
github.com/enetx/tg/types/updates/update.go:50.21,51.26 1 0
github.com/enetx/tg/types/updates/update.go:52.24,53.30 1 0
github.com/enetx/tg/types/updates/update.go:54.12,55.16 1 0
github.com/enetx/tg/types/updates/update.go:56.18,57.23 1 0
github.com/enetx/tg/types/updates/update.go:58.20,59.26 1 0
github.com/enetx/tg/types/updates/update.go:60.18,61.23 1 0
github.com/enetx/tg/types/updates/update.go:62.23,63.29 1 0
github.com/enetx/tg/types/updates/update.go:64.23,65.28 1 0
github.com/enetx/tg/types/updates/update.go:66.28,67.34 1 0
github.com/enetx/tg/types/updates/update.go:68.26,69.31 1 0
github.com/enetx/tg/types/updates/update.go:70.23,71.28 1 0
github.com/enetx/tg/types/updates/update.go:72.29,73.35 1 0
github.com/enetx/tg/types/updates/update.go:74.31,75.37 1 0
github.com/enetx/tg/types/updates/update.go:76.10,77.19 1 0
github.com/enetx/tg/types/roles/roles.go:24.57,26.25 2 0
github.com/enetx/tg/types/roles/roles.go:26.25,27.12 1 0
github.com/enetx/tg/types/roles/roles.go:28.19,29.29 1 0
github.com/enetx/tg/types/roles/roles.go:30.23,31.33 1 0
github.com/enetx/tg/types/roles/roles.go:32.25,33.35 1 0
github.com/enetx/tg/types/roles/roles.go:34.24,35.34 1 0
github.com/enetx/tg/types/roles/roles.go:36.23,37.33 1 0
github.com/enetx/tg/types/roles/roles.go:38.19,39.29 1 0
github.com/enetx/tg/types/roles/roles.go:40.20,41.30 1 0
github.com/enetx/tg/types/roles/roles.go:42.21,43.31 1 0
github.com/enetx/tg/types/roles/roles.go:44.21,45.31 1 0
github.com/enetx/tg/types/roles/roles.go:46.20,47.30 1 0
github.com/enetx/tg/types/roles/roles.go:48.21,49.31 1 0
github.com/enetx/tg/types/roles/roles.go:53.2,53.13 1 0
github.com/enetx/tg/types/poll/poll.go:12.35,13.11 1 0
github.com/enetx/tg/types/poll/poll.go:14.15,15.19 1 0
github.com/enetx/tg/types/poll/poll.go:16.12,17.16 1 0
github.com/enetx/tg/types/poll/poll.go:18.10,19.19 1 0
