mode: set
github.com/enetx/tg/handlers/business_connection.go:15.107,20.2 1 1
github.com/enetx/tg/handlers/business_connection.go:23.97,25.2 1 1
github.com/enetx/tg/handlers/business_connection.go:28.66,31.2 2 1
github.com/enetx/tg/handlers/business_connection.go:34.70,35.71 1 0
github.com/enetx/tg/handlers/business_connection.go:35.71,37.3 1 0
github.com/enetx/tg/handlers/business_connection.go:38.2,38.10 1 0
github.com/enetx/tg/handlers/business_connection.go:42.71,43.71 1 0
github.com/enetx/tg/handlers/business_connection.go:43.71,45.3 1 0
github.com/enetx/tg/handlers/business_connection.go:46.2,46.10 1 0
github.com/enetx/tg/handlers/business_connection.go:50.85,51.71 1 0
github.com/enetx/tg/handlers/business_connection.go:51.71,53.3 1 0
github.com/enetx/tg/handlers/business_connection.go:54.2,54.10 1 0
github.com/enetx/tg/handlers/business_connection.go:58.94,59.71 1 0
github.com/enetx/tg/handlers/business_connection.go:59.71,61.3 1 0
github.com/enetx/tg/handlers/business_connection.go:62.2,62.10 1 0
github.com/enetx/tg/handlers/business_connection.go:66.98,67.71 1 0
github.com/enetx/tg/handlers/business_connection.go:67.71,69.3 1 0
github.com/enetx/tg/handlers/business_connection.go:70.2,70.10 1 0
github.com/enetx/tg/handlers/business_connection.go:74.71,75.71 1 0
github.com/enetx/tg/handlers/business_connection.go:75.71,77.3 1 0
github.com/enetx/tg/handlers/business_connection.go:78.2,78.10 1 0
github.com/enetx/tg/handlers/business_messages_deleted.go:21.95,24.2 1 0
github.com/enetx/tg/handlers/business_messages_deleted.go:27.97,29.2 1 0
github.com/enetx/tg/handlers/business_messages_deleted.go:32.58,34.2 1 0
github.com/enetx/tg/handlers/business_messages_deleted.go:37.120,42.2 1 1
github.com/enetx/tg/handlers/business_messages_deleted.go:48.111,50.2 1 1
github.com/enetx/tg/handlers/business_messages_deleted.go:53.76,56.2 2 1
github.com/enetx/tg/handlers/business_messages_deleted.go:59.108,60.79 1 0
github.com/enetx/tg/handlers/business_messages_deleted.go:60.79,62.3 1 0
github.com/enetx/tg/handlers/business_messages_deleted.go:63.2,63.10 1 0
github.com/enetx/tg/handlers/business_messages_deleted.go:67.93,68.79 1 0
github.com/enetx/tg/handlers/business_messages_deleted.go:68.79,70.3 1 0
github.com/enetx/tg/handlers/business_messages_deleted.go:71.2,71.10 1 0
github.com/enetx/tg/handlers/business_messages_deleted.go:75.80,76.79 1 0
github.com/enetx/tg/handlers/business_messages_deleted.go:76.79,78.3 1 0
github.com/enetx/tg/handlers/business_messages_deleted.go:79.2,79.10 1 0
github.com/enetx/tg/handlers/business_messages_deleted.go:83.78,84.79 1 0
github.com/enetx/tg/handlers/business_messages_deleted.go:84.79,86.3 1 0
github.com/enetx/tg/handlers/business_messages_deleted.go:87.2,87.10 1 0
github.com/enetx/tg/handlers/callback.go:24.59,27.2 2 1
github.com/enetx/tg/handlers/callback.go:30.55,42.2 4 1
github.com/enetx/tg/handlers/callback.go:48.97,55.2 1 1
github.com/enetx/tg/handlers/callback.go:58.61,58.97 1 1
github.com/enetx/tg/handlers/callback.go:61.78,62.62 1 1
github.com/enetx/tg/handlers/callback.go:62.62,64.3 1 0
github.com/enetx/tg/handlers/callback.go:68.81,69.62 1 1
github.com/enetx/tg/handlers/callback.go:69.62,71.3 1 0
github.com/enetx/tg/handlers/callback.go:75.81,76.62 1 1
github.com/enetx/tg/handlers/callback.go:76.62,78.3 1 0
github.com/enetx/tg/handlers/callback.go:82.78,83.62 1 1
github.com/enetx/tg/handlers/callback.go:83.62,85.3 1 0
github.com/enetx/tg/handlers/callback.go:89.81,90.62 1 1
github.com/enetx/tg/handlers/callback.go:90.62,92.3 1 0
github.com/enetx/tg/handlers/callback.go:96.64,97.62 1 1
github.com/enetx/tg/handlers/callback.go:97.62,99.3 1 0
github.com/enetx/tg/handlers/callback.go:103.85,104.62 1 1
github.com/enetx/tg/handlers/callback.go:104.62,106.3 1 0
github.com/enetx/tg/handlers/chat_join_request.go:14.96,16.2 1 1
github.com/enetx/tg/handlers/chat_join_request.go:19.76,22.2 2 1
github.com/enetx/tg/handlers/chat_join_request.go:25.89,26.64 1 0
github.com/enetx/tg/handlers/chat_join_request.go:26.64,28.3 1 0
github.com/enetx/tg/handlers/chat_join_request.go:29.2,29.10 1 0
github.com/enetx/tg/handlers/chat_join_request.go:33.93,34.64 1 0
github.com/enetx/tg/handlers/chat_join_request.go:34.64,36.3 1 0
github.com/enetx/tg/handlers/chat_join_request.go:37.2,37.10 1 0
github.com/enetx/tg/handlers/chat_join_request.go:41.86,42.64 1 0
github.com/enetx/tg/handlers/chat_join_request.go:42.64,44.3 1 0
github.com/enetx/tg/handlers/chat_join_request.go:45.2,45.10 1 0
github.com/enetx/tg/handlers/chat_member.go:15.81,17.2 1 1
github.com/enetx/tg/handlers/chat_member.go:20.66,23.2 2 1
github.com/enetx/tg/handlers/chat_member.go:26.113,27.53 1 1
github.com/enetx/tg/handlers/chat_member.go:27.53,33.3 1 0
github.com/enetx/tg/handlers/chat_member.go:35.2,36.10 2 1
github.com/enetx/tg/handlers/chat_member.go:40.69,42.2 1 1
github.com/enetx/tg/handlers/chat_member.go:45.67,47.2 1 1
github.com/enetx/tg/handlers/chat_member.go:50.69,52.2 1 1
github.com/enetx/tg/handlers/chat_member.go:55.71,57.2 1 1
github.com/enetx/tg/handlers/chat_member.go:60.73,62.2 1 0
github.com/enetx/tg/handlers/chat_member.go:65.75,67.2 1 0
github.com/enetx/tg/handlers/chat_member.go:70.71,72.2 1 1
github.com/enetx/tg/handlers/chat_member.go:75.70,77.2 1 1
github.com/enetx/tg/handlers/chat_member.go:80.79,81.62 1 1
github.com/enetx/tg/handlers/chat_member.go:81.62,83.3 1 0
github.com/enetx/tg/handlers/chat_member.go:84.2,84.10 1 1
github.com/enetx/tg/handlers/chat_member.go:88.79,89.62 1 1
github.com/enetx/tg/handlers/chat_member.go:89.62,91.3 1 0
github.com/enetx/tg/handlers/chat_member.go:92.2,92.10 1 1
github.com/enetx/tg/handlers/chat_member.go:96.83,97.62 1 0
github.com/enetx/tg/handlers/chat_member.go:97.62,99.3 1 0
github.com/enetx/tg/handlers/chat_member.go:100.2,100.10 1 0
github.com/enetx/tg/handlers/chat_member.go:104.108,105.62 1 0
github.com/enetx/tg/handlers/chat_member.go:105.62,107.3 1 0
github.com/enetx/tg/handlers/chat_member.go:108.2,108.10 1 0
github.com/enetx/tg/handlers/chat_member.go:112.108,113.62 1 0
github.com/enetx/tg/handlers/chat_member.go:113.62,115.3 1 0
github.com/enetx/tg/handlers/chat_member.go:116.2,116.10 1 0
github.com/enetx/tg/handlers/chat_member.go:120.76,121.62 1 1
github.com/enetx/tg/handlers/chat_member.go:121.62,123.3 1 0
github.com/enetx/tg/handlers/chat_member.go:124.2,124.10 1 1
github.com/enetx/tg/handlers/chosen_inline_result.go:15.105,17.2 1 1
github.com/enetx/tg/handlers/chosen_inline_result.go:20.82,23.2 2 1
github.com/enetx/tg/handlers/chosen_inline_result.go:26.97,27.72 1 0
github.com/enetx/tg/handlers/chosen_inline_result.go:27.72,29.3 1 0
github.com/enetx/tg/handlers/chosen_inline_result.go:30.2,30.10 1 0
github.com/enetx/tg/handlers/chosen_inline_result.go:34.100,35.72 1 0
github.com/enetx/tg/handlers/chosen_inline_result.go:35.72,37.3 1 0
github.com/enetx/tg/handlers/chosen_inline_result.go:38.2,38.10 1 0
github.com/enetx/tg/handlers/chosen_inline_result.go:42.107,43.72 1 0
github.com/enetx/tg/handlers/chosen_inline_result.go:43.72,45.3 1 0
github.com/enetx/tg/handlers/chosen_inline_result.go:46.2,46.10 1 0
github.com/enetx/tg/handlers/chosen_inline_result.go:50.107,51.72 1 0
github.com/enetx/tg/handlers/chosen_inline_result.go:51.72,53.3 1 0
github.com/enetx/tg/handlers/chosen_inline_result.go:54.2,54.10 1 0
github.com/enetx/tg/handlers/chosen_inline_result.go:58.112,59.72 1 0
github.com/enetx/tg/handlers/chosen_inline_result.go:59.72,61.3 1 0
github.com/enetx/tg/handlers/chosen_inline_result.go:62.2,62.10 1 0
github.com/enetx/tg/handlers/chosen_inline_result.go:66.87,67.72 1 0
github.com/enetx/tg/handlers/chosen_inline_result.go:67.72,69.3 1 0
github.com/enetx/tg/handlers/chosen_inline_result.go:70.2,70.10 1 0
github.com/enetx/tg/handlers/command.go:21.74,31.2 1 1
github.com/enetx/tg/handlers/command.go:34.42,37.2 2 1
github.com/enetx/tg/handlers/command.go:40.43,43.2 2 1
github.com/enetx/tg/handlers/command.go:46.48,49.2 2 1
github.com/enetx/tg/handlers/command.go:52.30,67.2 3 1
github.com/enetx/tg/handlers/handler.go:15.114,16.55 1 1
github.com/enetx/tg/handlers/handler.go:16.55,20.46 3 1
github.com/enetx/tg/handlers/handler.go:20.46,23.39 3 1
github.com/enetx/tg/handlers/handler.go:23.39,24.33 1 1
github.com/enetx/tg/handlers/handler.go:24.33,26.6 1 0
github.com/enetx/tg/handlers/handler.go:27.5,27.19 1 1
github.com/enetx/tg/handlers/handler.go:31.3,31.18 1 1
github.com/enetx/tg/handlers/handler.go:36.52,37.68 1 1
github.com/enetx/tg/handlers/handler.go:37.68,39.3 1 1
github.com/enetx/tg/handlers/handler.go:41.2,41.12 1 0
github.com/enetx/tg/handlers/handlers.go:26.45,45.2 1 1
github.com/enetx/tg/handlers/handlers.go:48.48,66.2 16 1
github.com/enetx/tg/handlers/inline_query.go:16.84,18.2 1 1
github.com/enetx/tg/handlers/inline_query.go:21.68,24.2 2 1
github.com/enetx/tg/handlers/inline_query.go:27.83,28.57 1 1
github.com/enetx/tg/handlers/inline_query.go:28.57,30.3 1 0
github.com/enetx/tg/handlers/inline_query.go:31.2,31.10 1 1
github.com/enetx/tg/handlers/inline_query.go:35.86,36.57 1 1
github.com/enetx/tg/handlers/inline_query.go:36.57,38.3 1 0
github.com/enetx/tg/handlers/inline_query.go:39.2,39.10 1 1
github.com/enetx/tg/handlers/inline_query.go:43.93,44.57 1 1
github.com/enetx/tg/handlers/inline_query.go:44.57,46.3 1 0
github.com/enetx/tg/handlers/inline_query.go:47.2,47.10 1 1
github.com/enetx/tg/handlers/inline_query.go:51.93,52.57 1 1
github.com/enetx/tg/handlers/inline_query.go:52.57,54.3 1 0
github.com/enetx/tg/handlers/inline_query.go:55.2,55.10 1 1
github.com/enetx/tg/handlers/inline_query.go:59.73,60.57 1 1
github.com/enetx/tg/handlers/inline_query.go:60.57,62.3 1 0
github.com/enetx/tg/handlers/inline_query.go:63.2,63.10 1 1
github.com/enetx/tg/handlers/inline_query.go:67.71,68.57 1 1
github.com/enetx/tg/handlers/inline_query.go:68.57,70.3 1 0
github.com/enetx/tg/handlers/inline_query.go:71.2,71.10 1 1
github.com/enetx/tg/handlers/inline_query.go:75.72,76.57 1 1
github.com/enetx/tg/handlers/inline_query.go:76.57,78.3 1 0
github.com/enetx/tg/handlers/inline_query.go:79.2,79.10 1 1
github.com/enetx/tg/handlers/inline_query.go:83.70,84.57 1 1
github.com/enetx/tg/handlers/inline_query.go:84.57,86.3 1 0
github.com/enetx/tg/handlers/inline_query.go:87.2,87.10 1 1
github.com/enetx/tg/handlers/inline_query.go:91.75,92.57 1 1
github.com/enetx/tg/handlers/inline_query.go:92.57,94.3 1 0
github.com/enetx/tg/handlers/inline_query.go:95.2,95.10 1 1
github.com/enetx/tg/handlers/inline_query.go:99.72,100.57 1 1
github.com/enetx/tg/handlers/inline_query.go:100.57,102.3 1 0
github.com/enetx/tg/handlers/inline_query.go:103.2,103.10 1 1
github.com/enetx/tg/handlers/message.go:29.56,32.2 2 1
github.com/enetx/tg/handlers/message.go:35.57,38.2 2 1
github.com/enetx/tg/handlers/message.go:41.58,44.2 2 1
github.com/enetx/tg/handlers/message.go:47.53,61.2 4 1
github.com/enetx/tg/handlers/message.go:67.88,74.2 1 1
github.com/enetx/tg/handlers/message.go:77.59,77.94 1 1
github.com/enetx/tg/handlers/message.go:80.60,81.57 1 1
github.com/enetx/tg/handlers/message.go:81.57,81.82 1 1
github.com/enetx/tg/handlers/message.go:85.64,86.57 1 1
github.com/enetx/tg/handlers/message.go:86.57,86.87 1 1
github.com/enetx/tg/handlers/message.go:90.63,91.57 1 1
github.com/enetx/tg/handlers/message.go:91.57,91.86 1 1
github.com/enetx/tg/handlers/message.go:95.60,96.57 1 1
github.com/enetx/tg/handlers/message.go:96.57,96.83 1 1
github.com/enetx/tg/handlers/message.go:100.61,101.57 1 1
github.com/enetx/tg/handlers/message.go:101.57,101.86 1 1
github.com/enetx/tg/handlers/message.go:105.61,106.57 1 1
github.com/enetx/tg/handlers/message.go:106.57,106.84 1 1
github.com/enetx/tg/handlers/message.go:110.61,111.57 1 1
github.com/enetx/tg/handlers/message.go:111.57,111.84 1 1
github.com/enetx/tg/handlers/message.go:115.61,116.57 1 1
github.com/enetx/tg/handlers/message.go:116.57,116.84 1 1
github.com/enetx/tg/handlers/message.go:120.63,121.57 1 1
github.com/enetx/tg/handlers/message.go:121.57,121.86 1 1
github.com/enetx/tg/handlers/message.go:125.64,126.57 1 1
github.com/enetx/tg/handlers/message.go:126.57,126.87 1 1
github.com/enetx/tg/handlers/message.go:130.61,131.57 1 1
github.com/enetx/tg/handlers/message.go:131.57,131.93 1 1
github.com/enetx/tg/handlers/message.go:135.65,136.57 1 1
github.com/enetx/tg/handlers/message.go:136.57,136.88 1 1
github.com/enetx/tg/handlers/message.go:140.65,141.57 1 1
github.com/enetx/tg/handlers/message.go:141.57,141.88 1 1
github.com/enetx/tg/handlers/message.go:145.60,146.57 1 1
github.com/enetx/tg/handlers/message.go:146.57,146.83 1 1
github.com/enetx/tg/handlers/message.go:150.60,151.57 1 1
github.com/enetx/tg/handlers/message.go:151.57,151.83 1 1
github.com/enetx/tg/handlers/message.go:155.61,156.57 1 1
github.com/enetx/tg/handlers/message.go:156.57,156.84 1 1
github.com/enetx/tg/handlers/message.go:160.70,161.57 1 1
github.com/enetx/tg/handlers/message.go:161.57,161.93 1 1
github.com/enetx/tg/handlers/message.go:165.70,166.57 1 0
github.com/enetx/tg/handlers/message.go:166.57,166.93 1 0
github.com/enetx/tg/handlers/message.go:170.69,171.57 1 0
github.com/enetx/tg/handlers/message.go:171.57,171.92 1 0
github.com/enetx/tg/handlers/message.go:175.62,176.57 1 0
github.com/enetx/tg/handlers/message.go:176.57,176.85 1 0
github.com/enetx/tg/handlers/message.go:180.64,181.57 1 0
github.com/enetx/tg/handlers/message.go:181.57,181.89 1 0
github.com/enetx/tg/handlers/message.go:185.63,186.57 1 0
github.com/enetx/tg/handlers/message.go:186.57,186.85 1 0
github.com/enetx/tg/handlers/message.go:190.71,191.57 1 0
github.com/enetx/tg/handlers/message.go:191.57,191.96 1 0
github.com/enetx/tg/handlers/message.go:195.63,197.35 1 0
github.com/enetx/tg/handlers/message.go:197.35,197.100 1 0
github.com/enetx/tg/handlers/message.go:201.66,202.57 1 1
github.com/enetx/tg/handlers/message.go:202.57,202.90 1 1
github.com/enetx/tg/handlers/message.go:206.74,207.57 1 0
github.com/enetx/tg/handlers/message.go:207.57,207.90 1 0
github.com/enetx/tg/handlers/message.go:211.67,212.57 1 0
github.com/enetx/tg/handlers/message.go:212.57,212.90 1 0
github.com/enetx/tg/handlers/message.go:216.66,217.57 1 0
github.com/enetx/tg/handlers/message.go:217.57,217.89 1 0
github.com/enetx/tg/handlers/message.go:221.61,222.57 1 0
github.com/enetx/tg/handlers/message.go:222.57,222.84 1 0
github.com/enetx/tg/handlers/message.go:226.68,227.57 1 0
github.com/enetx/tg/handlers/message.go:227.57,227.96 1 0
github.com/enetx/tg/handlers/message.go:231.67,232.57 1 0
github.com/enetx/tg/handlers/message.go:232.57,232.95 1 0
github.com/enetx/tg/handlers/message.go:236.67,237.57 1 0
github.com/enetx/tg/handlers/message.go:237.57,237.95 1 0
github.com/enetx/tg/handlers/message.go:241.69,242.57 1 0
github.com/enetx/tg/handlers/message.go:242.57,242.97 1 0
github.com/enetx/tg/handlers/message.go:246.73,247.57 1 0
github.com/enetx/tg/handlers/message.go:247.57,247.96 1 0
github.com/enetx/tg/handlers/message.go:251.71,252.57 1 0
github.com/enetx/tg/handlers/message.go:252.57,252.94 1 0
github.com/enetx/tg/handlers/message.go:256.65,257.57 1 0
github.com/enetx/tg/handlers/message.go:257.57,257.88 1 0
github.com/enetx/tg/handlers/message.go:261.74,262.57 1 1
github.com/enetx/tg/handlers/message.go:262.57,262.104 1 1
github.com/enetx/tg/handlers/message.go:266.83,268.35 1 0
github.com/enetx/tg/handlers/message.go:268.35,268.96 1 0
github.com/enetx/tg/handlers/message.go:274.65,275.57 1 1
github.com/enetx/tg/handlers/message.go:275.57,275.92 1 1
github.com/enetx/tg/handlers/message.go:279.81,280.57 1 0
github.com/enetx/tg/handlers/message.go:280.57,281.31 1 0
github.com/enetx/tg/handlers/message.go:281.31,283.4 1 0
github.com/enetx/tg/handlers/message.go:285.3,287.32 2 0
github.com/enetx/tg/handlers/message.go:292.81,293.57 1 1
github.com/enetx/tg/handlers/message.go:293.57,294.31 1 0
github.com/enetx/tg/handlers/message.go:294.31,296.4 1 0
github.com/enetx/tg/handlers/message.go:298.3,300.32 2 0
github.com/enetx/tg/handlers/message.go:305.79,306.57 1 1
github.com/enetx/tg/handlers/message.go:306.57,306.110 1 1
github.com/enetx/tg/handlers/message.go:310.79,311.57 1 1
github.com/enetx/tg/handlers/message.go:311.57,311.108 1 1
github.com/enetx/tg/handlers/message.go:315.81,316.57 1 1
github.com/enetx/tg/handlers/message.go:316.57,316.108 1 1
github.com/enetx/tg/handlers/message.go:320.75,321.57 1 1
github.com/enetx/tg/handlers/message.go:321.57,321.99 1 1
github.com/enetx/tg/handlers/message.go:325.90,326.57 1 1
github.com/enetx/tg/handlers/message.go:326.57,326.102 1 1
github.com/enetx/tg/handlers/message.go:330.83,331.57 1 0
github.com/enetx/tg/handlers/message.go:331.57,331.99 1 0
github.com/enetx/tg/handlers/message.go:335.72,336.57 1 0
github.com/enetx/tg/handlers/message.go:336.57,336.85 1 0
github.com/enetx/tg/handlers/message.go:340.88,341.57 1 1
github.com/enetx/tg/handlers/message.go:341.57,341.102 1 1
github.com/enetx/tg/handlers/message.go:345.63,347.2 1 1
github.com/enetx/tg/handlers/message.go:350.61,352.2 1 1
github.com/enetx/tg/handlers/message.go:355.66,357.2 1 1
github.com/enetx/tg/handlers/message.go:360.63,362.2 1 1
github.com/enetx/tg/handlers/message.go:365.64,366.57 1 1
github.com/enetx/tg/handlers/message.go:366.57,366.98 1 1
github.com/enetx/tg/handlers/message.go:370.66,371.57 1 0
github.com/enetx/tg/handlers/message.go:371.57,371.89 1 0
github.com/enetx/tg/handlers/message.go:375.89,376.57 1 1
github.com/enetx/tg/handlers/message.go:376.57,378.45 1 1
github.com/enetx/tg/handlers/message.go:378.45,378.84 1 1
github.com/enetx/tg/handlers/message.go:383.96,384.57 1 0
github.com/enetx/tg/handlers/message.go:384.57,386.45 1 0
github.com/enetx/tg/handlers/message.go:386.45,386.84 1 0
github.com/enetx/tg/handlers/message.go:391.76,392.57 1 0
github.com/enetx/tg/handlers/message.go:392.57,392.108 1 0
github.com/enetx/tg/handlers/message.go:396.96,397.57 1 0
github.com/enetx/tg/handlers/message.go:397.57,399.3 1 0
github.com/enetx/tg/handlers/message.go:403.94,404.57 1 0
github.com/enetx/tg/handlers/message.go:404.57,406.3 1 0
github.com/enetx/tg/handlers/message.go:410.95,411.57 1 0
github.com/enetx/tg/handlers/message.go:411.57,413.3 1 0
github.com/enetx/tg/handlers/message.go:417.92,418.57 1 0
github.com/enetx/tg/handlers/message.go:418.57,420.3 1 0
github.com/enetx/tg/handlers/my_chat_member.go:15.85,17.2 1 1
github.com/enetx/tg/handlers/my_chat_member.go:20.70,23.2 2 1
github.com/enetx/tg/handlers/my_chat_member.go:26.117,27.53 1 0
github.com/enetx/tg/handlers/my_chat_member.go:27.53,33.3 1 0
github.com/enetx/tg/handlers/my_chat_member.go:35.2,36.10 2 0
github.com/enetx/tg/handlers/my_chat_member.go:40.73,42.2 1 0
github.com/enetx/tg/handlers/my_chat_member.go:45.71,47.2 1 0
github.com/enetx/tg/handlers/my_chat_member.go:50.73,52.2 1 0
github.com/enetx/tg/handlers/my_chat_member.go:55.75,57.2 1 0
github.com/enetx/tg/handlers/my_chat_member.go:60.77,62.2 1 0
github.com/enetx/tg/handlers/my_chat_member.go:65.79,67.2 1 0
github.com/enetx/tg/handlers/my_chat_member.go:70.75,72.2 1 0
github.com/enetx/tg/handlers/my_chat_member.go:75.74,77.2 1 0
github.com/enetx/tg/handlers/my_chat_member.go:80.83,81.64 1 0
github.com/enetx/tg/handlers/my_chat_member.go:81.64,83.3 1 0
github.com/enetx/tg/handlers/my_chat_member.go:84.2,84.10 1 0
github.com/enetx/tg/handlers/my_chat_member.go:88.83,89.64 1 0
github.com/enetx/tg/handlers/my_chat_member.go:89.64,91.3 1 0
github.com/enetx/tg/handlers/my_chat_member.go:92.2,92.10 1 0
github.com/enetx/tg/handlers/my_chat_member.go:96.87,97.64 1 0
github.com/enetx/tg/handlers/my_chat_member.go:97.64,99.3 1 0
github.com/enetx/tg/handlers/my_chat_member.go:100.2,100.10 1 0
github.com/enetx/tg/handlers/my_chat_member.go:104.112,105.64 1 0
github.com/enetx/tg/handlers/my_chat_member.go:105.64,107.3 1 0
github.com/enetx/tg/handlers/my_chat_member.go:108.2,108.10 1 0
github.com/enetx/tg/handlers/my_chat_member.go:112.112,113.64 1 0
github.com/enetx/tg/handlers/my_chat_member.go:113.64,115.3 1 0
github.com/enetx/tg/handlers/my_chat_member.go:116.2,116.10 1 0
github.com/enetx/tg/handlers/my_chat_member.go:120.80,121.64 1 0
github.com/enetx/tg/handlers/my_chat_member.go:121.64,123.3 1 0
github.com/enetx/tg/handlers/my_chat_member.go:124.2,124.10 1 0
github.com/enetx/tg/handlers/named.go:11.37,13.2 1 0
github.com/enetx/tg/handlers/paid_media.go:15.96,17.2 1 1
github.com/enetx/tg/handlers/paid_media.go:20.64,23.2 2 1
github.com/enetx/tg/handlers/paid_media.go:26.81,27.71 1 0
github.com/enetx/tg/handlers/paid_media.go:27.71,29.3 1 0
github.com/enetx/tg/handlers/paid_media.go:30.2,30.10 1 0
github.com/enetx/tg/handlers/paid_media.go:34.86,35.71 1 0
github.com/enetx/tg/handlers/paid_media.go:35.71,37.3 1 0
github.com/enetx/tg/handlers/paid_media.go:38.2,38.10 1 0
github.com/enetx/tg/handlers/paid_media.go:42.91,43.71 1 0
github.com/enetx/tg/handlers/paid_media.go:43.71,45.3 1 0
github.com/enetx/tg/handlers/paid_media.go:46.2,46.10 1 0
github.com/enetx/tg/handlers/poll.go:16.63,18.2 1 1
github.com/enetx/tg/handlers/poll.go:21.54,24.2 2 1
github.com/enetx/tg/handlers/poll.go:27.66,28.42 1 1
github.com/enetx/tg/handlers/poll.go:28.42,28.81 1 0
github.com/enetx/tg/handlers/poll.go:29.2,29.10 1 1
github.com/enetx/tg/handlers/poll.go:33.72,34.42 1 1
github.com/enetx/tg/handlers/poll.go:34.42,34.85 1 0
github.com/enetx/tg/handlers/poll.go:35.2,35.10 1 1
github.com/enetx/tg/handlers/poll.go:39.58,39.93 1 1
github.com/enetx/tg/handlers/poll.go:42.55,42.87 1 1
github.com/enetx/tg/handlers/poll_answer.go:15.81,17.2 1 1
github.com/enetx/tg/handlers/poll_answer.go:20.66,23.2 2 1
github.com/enetx/tg/handlers/poll_answer.go:26.78,27.54 1 0
github.com/enetx/tg/handlers/poll_answer.go:27.54,29.3 1 0
github.com/enetx/tg/handlers/poll_answer.go:30.2,30.10 1 0
github.com/enetx/tg/handlers/poll_answer.go:34.83,35.54 1 0
github.com/enetx/tg/handlers/poll_answer.go:35.54,37.3 1 0
github.com/enetx/tg/handlers/poll_answer.go:38.2,38.10 1 0
github.com/enetx/tg/handlers/pre_checkout.go:15.94,17.2 1 1
github.com/enetx/tg/handlers/pre_checkout.go:20.68,23.2 2 1
github.com/enetx/tg/handlers/pre_checkout.go:26.85,27.66 1 0
github.com/enetx/tg/handlers/pre_checkout.go:27.66,29.3 1 0
github.com/enetx/tg/handlers/pre_checkout.go:30.2,30.10 1 0
github.com/enetx/tg/handlers/pre_checkout.go:34.98,35.66 1 0
github.com/enetx/tg/handlers/pre_checkout.go:35.66,37.3 1 0
github.com/enetx/tg/handlers/pre_checkout.go:38.2,38.10 1 0
github.com/enetx/tg/handlers/reaction.go:15.75,17.2 1 1
github.com/enetx/tg/handlers/reaction.go:20.62,23.2 2 1
github.com/enetx/tg/handlers/reaction.go:26.77,27.66 1 0
github.com/enetx/tg/handlers/reaction.go:27.66,28.17 1 0
github.com/enetx/tg/handlers/reaction.go:28.17,30.4 1 0
github.com/enetx/tg/handlers/reaction.go:32.3,32.22 1 0
github.com/enetx/tg/handlers/reaction.go:32.22,34.4 1 0
github.com/enetx/tg/handlers/reaction.go:36.3,36.27 1 0
github.com/enetx/tg/handlers/reaction.go:36.27,38.4 1 0
github.com/enetx/tg/handlers/reaction.go:40.3,40.15 1 0
github.com/enetx/tg/handlers/reaction.go:43.2,43.10 1 0
github.com/enetx/tg/handlers/reaction.go:47.75,48.66 1 0
github.com/enetx/tg/handlers/reaction.go:48.66,50.3 1 0
github.com/enetx/tg/handlers/reaction.go:51.2,51.10 1 0
github.com/enetx/tg/handlers/reaction.go:55.91,56.66 1 0
github.com/enetx/tg/handlers/reaction.go:56.66,57.17 1 0
github.com/enetx/tg/handlers/reaction.go:57.17,59.4 1 0
github.com/enetx/tg/handlers/reaction.go:61.3,61.37 1 0
github.com/enetx/tg/handlers/reaction.go:61.37,62.50 1 0
github.com/enetx/tg/handlers/reaction.go:62.50,64.5 1 0
github.com/enetx/tg/handlers/reaction.go:67.3,67.15 1 0
github.com/enetx/tg/handlers/reaction.go:70.2,70.10 1 0
github.com/enetx/tg/handlers/reaction.go:74.91,75.66 1 0
github.com/enetx/tg/handlers/reaction.go:75.66,76.17 1 0
github.com/enetx/tg/handlers/reaction.go:76.17,78.4 1 0
github.com/enetx/tg/handlers/reaction.go:80.3,80.37 1 0
github.com/enetx/tg/handlers/reaction.go:80.37,81.50 1 0
github.com/enetx/tg/handlers/reaction.go:81.50,83.5 1 0
github.com/enetx/tg/handlers/reaction.go:86.3,86.15 1 0
github.com/enetx/tg/handlers/reaction.go:89.2,89.10 1 0
github.com/enetx/tg/handlers/shipping.go:15.85,17.2 1 1
github.com/enetx/tg/handlers/shipping.go:20.62,23.2 2 1
github.com/enetx/tg/handlers/shipping.go:26.79,27.60 1 0
github.com/enetx/tg/handlers/shipping.go:27.60,29.3 1 0
github.com/enetx/tg/handlers/shipping.go:30.2,30.10 1 0
github.com/enetx/tg/handlers/shipping.go:34.92,35.60 1 0
github.com/enetx/tg/handlers/shipping.go:35.60,37.3 1 0
github.com/enetx/tg/handlers/shipping.go:38.2,38.10 1 0
