mode: set
github.com/enetx/tg/bot/bot.go:29.44,31.2 1 1
github.com/enetx/tg/bot/bot.go:34.38,36.2 1 1
github.com/enetx/tg/bot/bot.go:39.34,41.2 1 1
github.com/enetx/tg/bot/bot.go:44.42,59.2 1 1
github.com/enetx/tg/bot/bot.go:62.76,67.2 3 1
github.com/enetx/tg/bot/bot.go:70.34,75.2 1 1
github.com/enetx/tg/bot/bot.go:78.37,83.2 1 1
github.com/enetx/tg/bot/bot.go:86.48,88.54 2 1
github.com/enetx/tg/bot/bot.go:88.54,90.3 1 1
github.com/enetx/tg/bot/bot.go:92.2,92.58 1 1
github.com/enetx/tg/bot/bot.go:96.53,99.2 2 1
github.com/enetx/tg/bot/bot.go:102.55,104.2 1 1
github.com/enetx/tg/bot/bot.go:107.52,112.2 1 1
github.com/enetx/tg/bot/bot.go:115.62,120.2 1 1
github.com/enetx/tg/bot/bot.go:123.52,128.2 1 1
github.com/enetx/tg/bot/bot.go:131.62,136.2 1 1
github.com/enetx/tg/bot/bot.go:139.38,144.2 1 1
github.com/enetx/tg/bot/bot.go:147.38,152.2 1 1
github.com/enetx/tg/bot/bot.go:155.46,160.2 1 1
github.com/enetx/tg/bot/bot.go:163.46,168.2 1 1
github.com/enetx/tg/bot/bot.go:171.52,176.2 1 1
github.com/enetx/tg/bot/bot.go:179.32,184.2 1 1
github.com/enetx/tg/bot/bot.go:187.30,192.2 1 1
github.com/enetx/tg/bot/bot.go:195.82,200.2 1 1
github.com/enetx/tg/bot/bot.go:203.82,208.2 1 1
github.com/enetx/tg/bot/bot.go:211.48,216.2 1 1
github.com/enetx/tg/bot/bot.go:219.46,224.2 1 1
github.com/enetx/tg/bot/bot.go:227.30,232.2 1 1
github.com/enetx/tg/bot/builder.go:21.55,22.63 1 1
github.com/enetx/tg/bot/builder.go:22.63,24.3 1 1
github.com/enetx/tg/bot/builder.go:26.2,26.10 1 1
github.com/enetx/tg/bot/builder.go:30.54,33.2 2 1
github.com/enetx/tg/bot/builder.go:36.60,39.2 2 1
github.com/enetx/tg/bot/builder.go:42.66,45.2 2 1
github.com/enetx/tg/bot/builder.go:48.55,51.2 2 1
github.com/enetx/tg/bot/builder.go:54.73,55.63 1 1
github.com/enetx/tg/bot/builder.go:55.63,57.3 1 1
github.com/enetx/tg/bot/builder.go:59.2,59.10 1 1
github.com/enetx/tg/bot/builder.go:63.62,64.63 1 1
github.com/enetx/tg/bot/builder.go:64.63,66.3 1 1
github.com/enetx/tg/bot/builder.go:68.2,68.10 1 1
github.com/enetx/tg/bot/builder.go:72.45,87.31 5 1
github.com/enetx/tg/bot/builder.go:87.31,89.32 2 1
github.com/enetx/tg/bot/builder.go:89.32,91.4 1 1
github.com/enetx/tg/bot/builder.go:93.3,94.21 2 1
github.com/enetx/tg/bot/builder.go:94.21,96.4 1 1
github.com/enetx/tg/bot/builder.go:98.3,98.26 1 0
github.com/enetx/tg/bot/builder.go:99.8,101.24 2 1
github.com/enetx/tg/bot/builder.go:101.24,103.4 1 1
github.com/enetx/tg/bot/builder.go:105.3,106.17 2 1
github.com/enetx/tg/bot/builder.go:106.17,108.4 1 1
github.com/enetx/tg/bot/builder.go:110.3,115.4 1 1
github.com/enetx/tg/bot/builder.go:118.2,118.18 1 1
github.com/enetx/tg/bot/close.go:17.56,18.31 1 0
github.com/enetx/tg/bot/close.go:18.31,20.3 1 0
github.com/enetx/tg/bot/close.go:22.2,24.10 2 0
github.com/enetx/tg/bot/close.go:28.45,29.31 1 0
github.com/enetx/tg/bot/close.go:29.31,31.3 1 0
github.com/enetx/tg/bot/close.go:33.2,35.10 2 0
github.com/enetx/tg/bot/close.go:39.39,41.2 1 0
github.com/enetx/tg/bot/delete_my_commands.go:17.85,20.2 2 0
github.com/enetx/tg/bot/delete_my_commands.go:23.63,26.2 2 0
github.com/enetx/tg/bot/delete_my_commands.go:29.71,32.2 2 0
github.com/enetx/tg/bot/delete_my_commands.go:35.69,38.2 2 0
github.com/enetx/tg/bot/delete_my_commands.go:41.77,44.2 2 0
github.com/enetx/tg/bot/delete_my_commands.go:47.72,50.2 2 0
github.com/enetx/tg/bot/delete_my_commands.go:53.86,56.2 2 0
github.com/enetx/tg/bot/delete_my_commands.go:59.86,66.2 2 0
github.com/enetx/tg/bot/delete_my_commands.go:69.76,72.2 2 0
github.com/enetx/tg/bot/delete_my_commands.go:75.80,76.33 1 0
github.com/enetx/tg/bot/delete_my_commands.go:76.33,78.3 1 0
github.com/enetx/tg/bot/delete_my_commands.go:80.2,82.12 2 0
github.com/enetx/tg/bot/delete_my_commands.go:86.69,87.33 1 0
github.com/enetx/tg/bot/delete_my_commands.go:87.33,89.3 1 0
github.com/enetx/tg/bot/delete_my_commands.go:91.2,93.12 2 0
github.com/enetx/tg/bot/delete_my_commands.go:97.52,99.2 1 0
github.com/enetx/tg/bot/delete_webhook.go:17.62,20.2 2 0
github.com/enetx/tg/bot/delete_webhook.go:23.73,24.32 1 0
github.com/enetx/tg/bot/delete_webhook.go:24.32,26.3 1 0
github.com/enetx/tg/bot/delete_webhook.go:28.2,30.11 2 0
github.com/enetx/tg/bot/delete_webhook.go:34.62,35.32 1 0
github.com/enetx/tg/bot/delete_webhook.go:35.32,37.3 1 0
github.com/enetx/tg/bot/delete_webhook.go:39.2,41.11 2 0
github.com/enetx/tg/bot/delete_webhook.go:45.48,47.2 1 0
github.com/enetx/tg/bot/get_me.go:17.57,18.32 1 1
github.com/enetx/tg/bot/get_me.go:18.32,20.3 1 1
github.com/enetx/tg/bot/get_me.go:22.2,24.11 2 1
github.com/enetx/tg/bot/get_me.go:28.46,29.32 1 1
github.com/enetx/tg/bot/get_me.go:29.32,31.3 1 0
github.com/enetx/tg/bot/get_me.go:33.2,35.11 2 1
github.com/enetx/tg/bot/get_me.go:39.49,41.2 1 1
github.com/enetx/tg/bot/get_my_commands.go:17.79,20.2 2 0
github.com/enetx/tg/bot/get_my_commands.go:23.57,26.2 2 0
github.com/enetx/tg/bot/get_my_commands.go:29.65,32.2 2 0
github.com/enetx/tg/bot/get_my_commands.go:35.63,38.2 2 0
github.com/enetx/tg/bot/get_my_commands.go:41.71,44.2 2 0
github.com/enetx/tg/bot/get_my_commands.go:47.66,50.2 2 0
github.com/enetx/tg/bot/get_my_commands.go:53.80,56.2 2 0
github.com/enetx/tg/bot/get_my_commands.go:59.80,66.2 2 0
github.com/enetx/tg/bot/get_my_commands.go:69.70,72.2 2 0
github.com/enetx/tg/bot/get_my_commands.go:75.74,76.33 1 0
github.com/enetx/tg/bot/get_my_commands.go:76.33,78.3 1 0
github.com/enetx/tg/bot/get_my_commands.go:80.2,82.12 2 0
github.com/enetx/tg/bot/get_my_commands.go:86.63,87.33 1 0
github.com/enetx/tg/bot/get_my_commands.go:87.33,89.3 1 0
github.com/enetx/tg/bot/get_my_commands.go:91.2,93.12 2 0
github.com/enetx/tg/bot/get_my_commands.go:97.72,99.2 1 0
github.com/enetx/tg/bot/get_my_default_administrator_rights.go:17.94,20.2 2 0
github.com/enetx/tg/bot/get_my_default_administrator_rights.go:23.112,24.35 1 0
github.com/enetx/tg/bot/get_my_default_administrator_rights.go:24.35,26.3 1 0
github.com/enetx/tg/bot/get_my_default_administrator_rights.go:28.2,30.14 2 0
github.com/enetx/tg/bot/get_my_default_administrator_rights.go:34.101,35.35 1 0
github.com/enetx/tg/bot/get_my_default_administrator_rights.go:35.35,37.3 1 0
github.com/enetx/tg/bot/get_my_default_administrator_rights.go:39.2,41.14 2 0
github.com/enetx/tg/bot/get_my_default_administrator_rights.go:45.97,47.2 1 0
github.com/enetx/tg/bot/get_my_description.go:17.72,20.2 2 0
github.com/enetx/tg/bot/get_my_description.go:23.80,24.33 1 0
github.com/enetx/tg/bot/get_my_description.go:24.33,26.3 1 0
github.com/enetx/tg/bot/get_my_description.go:28.2,30.12 2 0
github.com/enetx/tg/bot/get_my_description.go:34.69,35.33 1 0
github.com/enetx/tg/bot/get_my_description.go:35.33,37.3 1 0
github.com/enetx/tg/bot/get_my_description.go:39.2,41.12 2 0
github.com/enetx/tg/bot/get_my_description.go:45.71,47.2 1 0
github.com/enetx/tg/bot/get_my_name.go:17.58,20.2 2 0
github.com/enetx/tg/bot/get_my_name.go:23.66,24.33 1 0
github.com/enetx/tg/bot/get_my_name.go:24.33,26.3 1 0
github.com/enetx/tg/bot/get_my_name.go:28.2,30.12 2 0
github.com/enetx/tg/bot/get_my_name.go:34.55,35.33 1 0
github.com/enetx/tg/bot/get_my_name.go:35.33,37.3 1 0
github.com/enetx/tg/bot/get_my_name.go:39.2,41.12 2 0
github.com/enetx/tg/bot/get_my_name.go:45.57,47.2 1 0
github.com/enetx/tg/bot/get_my_short_description.go:17.83,20.2 2 0
github.com/enetx/tg/bot/get_my_short_description.go:23.91,24.34 1 0
github.com/enetx/tg/bot/get_my_short_description.go:24.34,26.3 1 0
github.com/enetx/tg/bot/get_my_short_description.go:28.2,30.13 2 0
github.com/enetx/tg/bot/get_my_short_description.go:34.80,35.34 1 0
github.com/enetx/tg/bot/get_my_short_description.go:35.34,37.3 1 0
github.com/enetx/tg/bot/get_my_short_description.go:39.2,41.13 2 0
github.com/enetx/tg/bot/get_my_short_description.go:45.82,47.2 1 0
github.com/enetx/tg/bot/get_webhook_info.go:17.76,18.33 1 0
github.com/enetx/tg/bot/get_webhook_info.go:18.33,20.3 1 0
github.com/enetx/tg/bot/get_webhook_info.go:22.2,24.12 2 0
github.com/enetx/tg/bot/get_webhook_info.go:28.65,29.33 1 0
github.com/enetx/tg/bot/get_webhook_info.go:29.33,31.3 1 0
github.com/enetx/tg/bot/get_webhook_info.go:33.2,35.12 2 0
github.com/enetx/tg/bot/get_webhook_info.go:39.66,41.2 1 0
github.com/enetx/tg/bot/log_out.go:17.59,18.32 1 0
github.com/enetx/tg/bot/log_out.go:18.32,20.3 1 0
github.com/enetx/tg/bot/log_out.go:22.2,24.11 2 0
github.com/enetx/tg/bot/log_out.go:28.48,29.32 1 0
github.com/enetx/tg/bot/log_out.go:29.32,31.3 1 0
github.com/enetx/tg/bot/log_out.go:33.2,35.11 2 0
github.com/enetx/tg/bot/log_out.go:39.41,41.2 1 0
github.com/enetx/tg/bot/polling.go:15.49,18.2 2 1
github.com/enetx/tg/bot/polling.go:20.52,23.2 2 1
github.com/enetx/tg/bot/polling.go:25.51,28.2 2 1
github.com/enetx/tg/bot/polling.go:30.43,33.2 2 1
github.com/enetx/tg/bot/polling.go:35.49,38.2 2 1
github.com/enetx/tg/bot/polling.go:40.71,46.2 2 0
github.com/enetx/tg/bot/polling.go:48.27,49.72 1 0
github.com/enetx/tg/bot/polling.go:49.72,50.51 1 0
github.com/enetx/tg/bot/polling.go:53.2,54.22 2 0
github.com/enetx/tg/bot/set_my_commands.go:18.84,25.2 2 0
github.com/enetx/tg/bot/set_my_commands.go:28.89,31.2 2 0
github.com/enetx/tg/bot/set_my_commands.go:34.79,37.2 2 0
github.com/enetx/tg/bot/set_my_commands.go:40.57,43.2 2 0
github.com/enetx/tg/bot/set_my_commands.go:46.65,49.2 2 0
github.com/enetx/tg/bot/set_my_commands.go:52.63,55.2 2 0
github.com/enetx/tg/bot/set_my_commands.go:58.71,61.2 2 0
github.com/enetx/tg/bot/set_my_commands.go:64.66,67.2 2 0
github.com/enetx/tg/bot/set_my_commands.go:70.80,73.2 2 0
github.com/enetx/tg/bot/set_my_commands.go:76.80,83.2 2 0
github.com/enetx/tg/bot/set_my_commands.go:86.70,89.2 2 0
github.com/enetx/tg/bot/set_my_commands.go:92.74,93.33 1 0
github.com/enetx/tg/bot/set_my_commands.go:93.33,95.3 1 0
github.com/enetx/tg/bot/set_my_commands.go:97.2,99.12 2 0
github.com/enetx/tg/bot/set_my_commands.go:103.63,104.33 1 0
github.com/enetx/tg/bot/set_my_commands.go:104.33,106.3 1 0
github.com/enetx/tg/bot/set_my_commands.go:108.2,110.12 2 0
github.com/enetx/tg/bot/set_my_commands.go:114.49,115.28 1 0
github.com/enetx/tg/bot/set_my_commands.go:115.28,117.3 1 0
github.com/enetx/tg/bot/set_my_commands.go:119.2,119.29 1 0
github.com/enetx/tg/bot/set_my_commands.go:119.29,121.3 1 0
github.com/enetx/tg/bot/set_my_commands.go:123.2,123.70 1 0
github.com/enetx/tg/bot/set_my_default_administrator_rights.go:18.106,21.2 2 0
github.com/enetx/tg/bot/set_my_default_administrator_rights.go:24.94,27.2 2 0
github.com/enetx/tg/bot/set_my_default_administrator_rights.go:30.112,31.35 1 0
github.com/enetx/tg/bot/set_my_default_administrator_rights.go:31.35,33.3 1 0
github.com/enetx/tg/bot/set_my_default_administrator_rights.go:35.2,37.14 2 0
github.com/enetx/tg/bot/set_my_default_administrator_rights.go:41.101,42.35 1 0
github.com/enetx/tg/bot/set_my_default_administrator_rights.go:42.35,44.3 1 0
github.com/enetx/tg/bot/set_my_default_administrator_rights.go:46.2,48.14 2 0
github.com/enetx/tg/bot/set_my_default_administrator_rights.go:52.69,54.2 1 0
github.com/enetx/tg/bot/set_my_description.go:17.75,20.2 2 0
github.com/enetx/tg/bot/set_my_description.go:23.72,26.2 2 0
github.com/enetx/tg/bot/set_my_description.go:29.57,32.2 2 0
github.com/enetx/tg/bot/set_my_description.go:35.80,36.33 1 0
github.com/enetx/tg/bot/set_my_description.go:36.33,38.3 1 0
github.com/enetx/tg/bot/set_my_description.go:40.2,42.12 2 0
github.com/enetx/tg/bot/set_my_description.go:46.69,47.33 1 0
github.com/enetx/tg/bot/set_my_description.go:47.33,49.3 1 0
github.com/enetx/tg/bot/set_my_description.go:51.2,53.12 2 0
github.com/enetx/tg/bot/set_my_description.go:57.52,59.2 1 0
github.com/enetx/tg/bot/set_my_name.go:17.54,20.2 2 0
github.com/enetx/tg/bot/set_my_name.go:23.58,26.2 2 0
github.com/enetx/tg/bot/set_my_name.go:29.43,32.2 2 0
github.com/enetx/tg/bot/set_my_name.go:35.66,36.33 1 0
github.com/enetx/tg/bot/set_my_name.go:36.33,38.3 1 0
github.com/enetx/tg/bot/set_my_name.go:40.2,42.12 2 0
github.com/enetx/tg/bot/set_my_name.go:46.55,47.33 1 0
github.com/enetx/tg/bot/set_my_name.go:47.33,49.3 1 0
github.com/enetx/tg/bot/set_my_name.go:51.2,53.12 2 0
github.com/enetx/tg/bot/set_my_name.go:57.45,59.2 1 0
github.com/enetx/tg/bot/set_my_short_description.go:17.86,20.2 2 0
github.com/enetx/tg/bot/set_my_short_description.go:23.83,26.2 2 0
github.com/enetx/tg/bot/set_my_short_description.go:29.68,32.2 2 0
github.com/enetx/tg/bot/set_my_short_description.go:35.91,36.34 1 0
github.com/enetx/tg/bot/set_my_short_description.go:36.34,38.3 1 0
github.com/enetx/tg/bot/set_my_short_description.go:40.2,42.13 2 0
github.com/enetx/tg/bot/set_my_short_description.go:46.80,47.34 1 0
github.com/enetx/tg/bot/set_my_short_description.go:47.34,49.3 1 0
github.com/enetx/tg/bot/set_my_short_description.go:51.2,53.13 2 0
github.com/enetx/tg/bot/set_my_short_description.go:57.58,59.2 1 0
github.com/enetx/tg/bot/set_webhook.go:19.61,21.16 2 0
github.com/enetx/tg/bot/set_webhook.go:21.16,22.59 1 0
github.com/enetx/tg/bot/set_webhook.go:25.2,28.10 3 0
github.com/enetx/tg/bot/set_webhook.go:31.53,34.2 2 1
github.com/enetx/tg/bot/set_webhook.go:36.51,39.2 2 1
github.com/enetx/tg/bot/set_webhook.go:41.58,44.2 2 1
github.com/enetx/tg/bot/set_webhook.go:46.54,49.2 2 1
github.com/enetx/tg/bot/set_webhook.go:51.56,54.2 2 1
github.com/enetx/tg/bot/set_webhook.go:56.50,59.2 2 1
github.com/enetx/tg/bot/set_webhook.go:61.77,64.2 2 0
github.com/enetx/tg/bot/set_webhook.go:66.48,67.19 1 1
github.com/enetx/tg/bot/set_webhook.go:67.19,69.3 1 0
github.com/enetx/tg/bot/set_webhook.go:71.2,71.40 1 1
github.com/enetx/tg/bot/set_webhook.go:71.40,73.3 1 1
github.com/enetx/tg/bot/set_webhook.go:75.2,77.61 2 0
